2024-05-12 08:11:55,921 [INFO] Activator:177 - 


2024-05-12 08:11:55,922 [INFO] Activator:178 - !SESSION log4j initialized
2024-05-12 08:12:27,193 [ERROR] LogOutputStream:74 - [STDERR_REDIRECT] SLF4J: Failed to load class "org.slf4j.impl.StaticLoggerBinder".
2024-05-12 08:12:27,194 [ERROR] LogOutputStream:74 - [STDERR_REDIRECT] SLF4J: Defaulting to no-operation (NOP) logger implementation
2024-05-12 08:12:27,195 [ERROR] LogOutputStream:74 - [STDERR_REDIRECT] SLF4J: See http://www.slf4j.org/codes.html#StaticLoggerBinder for further details.
2024-05-12 08:15:17,354 [INFO] Activator:177 - 


2024-05-12 08:15:17,355 [INFO] Activator:178 - !SESSION log4j initialized
2024-05-12 08:15:46,194 [ERROR] LogOutputStream:74 - [STDERR_REDIRECT] SLF4J: Failed to load class "org.slf4j.impl.StaticLoggerBinder".
2024-05-12 08:15:46,196 [ERROR] LogOutputStream:74 - [STDERR_REDIRECT] SLF4J: Defaulting to no-operation (NOP) logger implementation
2024-05-12 08:15:46,197 [ERROR] LogOutputStream:74 - [STDERR_REDIRECT] SLF4J: See http://www.slf4j.org/codes.html#StaticLoggerBinder for further details.
2024-05-12 08:21:36,882 [INFO] Activator:177 - 


2024-05-12 08:21:36,884 [INFO] Activator:178 - !SESSION log4j initialized
2024-05-12 08:22:06,780 [ERROR] LogOutputStream:74 - [STDERR_REDIRECT] SLF4J: Failed to load class "org.slf4j.impl.StaticLoggerBinder".
2024-05-12 08:22:06,781 [ERROR] LogOutputStream:74 - [STDERR_REDIRECT] SLF4J: Defaulting to no-operation (NOP) logger implementation
2024-05-12 08:22:06,782 [ERROR] LogOutputStream:74 - [STDERR_REDIRECT] SLF4J: See http://www.slf4j.org/codes.html#StaticLoggerBinder for further details.
2024-05-12 08:23:10,511 [INFO] McuFinderGlobals:44 - Set McuFinder mode to 2 (CubeIDE integrated)
2024-05-12 08:23:10,780 [INFO] ApplicationProperties:181 - Using Application install path: D:\ST\STM32CubeIDE_1.10.1\STM32CubeIDE\plugins\com.st.stm32cube.common.mx_6.6.1.202207061420
2024-05-12 08:23:10,796 [INFO] DbMcusXml:77 - Set database path to: D:\ST\STM32CubeIDE_1.10.1\STM32CubeIDE\plugins\com.st.stm32cube.common.mx_6.6.1.202207061420\\db\/mcu/
2024-05-12 08:23:10,796 [INFO] ApiDb:269 - Set plugin database path to: D:\ST\STM32CubeIDE_1.10.1\STM32CubeIDE\plugins\com.st.stm32cube.common.mx_6.6.1.202207061420\\db\/plugins/boardmanager/
2024-05-12 08:23:10,798 [WARN] ApiDb:254 - Overriding images path with different value:  => D:\ST\STM32CubeIDE_1.10.1\STM32CubeIDE\plugins\com.st.stm32cube.common.mx_6.6.1.202207061420\\db\/plugins/mcufinder/images/
2024-05-12 08:23:11,927 [ERROR] ApiFinderProperties:228 - Failed to read file additional_hw_images/X-NUCLEO-S2915A1.jpg: C:\Users\DANIE\.stmcufinder\plugins\mcufinder\mcu\additional_hw_images\X-NUCLEO-S2915A1.jpg (The system cannot find the path specified)
2024-05-12 08:23:11,930 [ERROR] ApiFinderProperties:228 - Failed to read file additional_hw_images/X-NUCLEO-S2868A2.jpg: C:\Users\DANIE\.stmcufinder\plugins\mcufinder\mcu\additional_hw_images\X-NUCLEO-S2868A2.jpg (The system cannot find the path specified)
2024-05-12 08:23:11,932 [ERROR] ApiFinderProperties:228 - Failed to read file additional_hw_images/X-NUCLEO-S2868A1.jpg: C:\Users\DANIE\.stmcufinder\plugins\mcufinder\mcu\additional_hw_images\X-NUCLEO-S2868A1.jpg (The system cannot find the path specified)
2024-05-12 08:23:11,934 [ERROR] ApiFinderProperties:228 - Failed to read file additional_hw_images/X-NUCLEO-NFC07A1.jpg: C:\Users\DANIE\.stmcufinder\plugins\mcufinder\mcu\additional_hw_images\X-NUCLEO-NFC07A1.jpg (The system cannot find the path specified)
2024-05-12 08:23:11,940 [ERROR] ApiFinderProperties:228 - Failed to read file additional_hw_images/X-NUCLEO-NFC04A1.jpg: C:\Users\DANIE\.stmcufinder\plugins\mcufinder\mcu\additional_hw_images\X-NUCLEO-NFC04A1.jpg (The system cannot find the path specified)
2024-05-12 08:23:11,941 [ERROR] ApiFinderProperties:228 - Failed to read file additional_hw_images/X-NUCLEO-IKS02A1.jpg: C:\Users\DANIE\.stmcufinder\plugins\mcufinder\mcu\additional_hw_images\X-NUCLEO-IKS02A1.jpg (The system cannot find the path specified)
2024-05-12 08:23:11,945 [ERROR] ApiFinderProperties:228 - Failed to read file additional_hw_images/X-NUCLEO-IKS01A3.jpg: C:\Users\DANIE\.stmcufinder\plugins\mcufinder\mcu\additional_hw_images\X-NUCLEO-IKS01A3.jpg (The system cannot find the path specified)
2024-05-12 08:23:11,950 [ERROR] ApiFinderProperties:228 - Failed to read file additional_hw_images/X-NUCLEO-IKS01A2.jpg: C:\Users\DANIE\.stmcufinder\plugins\mcufinder\mcu\additional_hw_images\X-NUCLEO-IKS01A2.jpg (The system cannot find the path specified)
2024-05-12 08:23:11,969 [ERROR] ApiFinderProperties:228 - Failed to read file additional_hw_images/X-NUCLEO-IDB05A2.jpg: C:\Users\DANIE\.stmcufinder\plugins\mcufinder\mcu\additional_hw_images\X-NUCLEO-IDB05A2.jpg (The system cannot find the path specified)
2024-05-12 08:23:11,971 [ERROR] ApiFinderProperties:228 - Failed to read file additional_hw_images/X-NUCLEO-GNSS1A1.jpg: C:\Users\DANIE\.stmcufinder\plugins\mcufinder\mcu\additional_hw_images\X-NUCLEO-GNSS1A1.jpg (The system cannot find the path specified)
2024-05-12 08:23:11,973 [ERROR] ApiFinderProperties:228 - Failed to read file additional_hw_images/X-NUCLEO-EEPRMA2.jpg: C:\Users\DANIE\.stmcufinder\plugins\mcufinder\mcu\additional_hw_images\X-NUCLEO-EEPRMA2.jpg (The system cannot find the path specified)
2024-05-12 08:23:11,975 [ERROR] ApiFinderProperties:228 - Failed to read file additional_hw_images/X-NUCLEO-EEPRMA1.jpg: C:\Users\DANIE\.stmcufinder\plugins\mcufinder\mcu\additional_hw_images\X-NUCLEO-EEPRMA1.jpg (The system cannot find the path specified)
2024-05-12 08:23:11,977 [ERROR] ApiFinderProperties:228 - Failed to read file additional_hw_images/X-NUCLEO-BNRG2A1.jpg: C:\Users\DANIE\.stmcufinder\plugins\mcufinder\mcu\additional_hw_images\X-NUCLEO-BNRG2A1.jpg (The system cannot find the path specified)
2024-05-12 08:23:11,980 [ERROR] ApiFinderProperties:228 - Failed to read file additional_hw_images/X-NUCLEO-6283A1.jpg: C:\Users\DANIE\.stmcufinder\plugins\mcufinder\mcu\additional_hw_images\X-NUCLEO-6283A1.jpg (The system cannot find the path specified)
2024-05-12 08:23:11,981 [ERROR] ApiFinderProperties:228 - Failed to read file additional_hw_images/VD6283TX.jpg: C:\Users\DANIE\.stmcufinder\plugins\mcufinder\mcu\additional_hw_images\VD6283TX.jpg (The system cannot find the path specified)
2024-05-12 08:23:11,983 [ERROR] ApiFinderProperties:228 - Failed to read file additional_hw_images/Teseo-LIV3F.jpg: C:\Users\DANIE\.stmcufinder\plugins\mcufinder\mcu\additional_hw_images\Teseo-LIV3F.jpg (The system cannot find the path specified)
2024-05-12 08:23:11,984 [ERROR] ApiFinderProperties:228 - Failed to read file additional_hw_images/STTS751.jpg: C:\Users\DANIE\.stmcufinder\plugins\mcufinder\mcu\additional_hw_images\STTS751.jpg (The system cannot find the path specified)
2024-05-12 08:23:11,984 [ERROR] ApiFinderProperties:228 - Failed to read file additional_hw_images/STEVAL-MKI209V1K.jpg: C:\Users\DANIE\.stmcufinder\plugins\mcufinder\mcu\additional_hw_images\STEVAL-MKI209V1K.jpg (The system cannot find the path specified)
2024-05-12 08:23:11,986 [ERROR] ApiFinderProperties:228 - Failed to read file additional_hw_images/ST25DV64KC.jpg: C:\Users\DANIE\.stmcufinder\plugins\mcufinder\mcu\additional_hw_images\ST25DV64KC.jpg (The system cannot find the path specified)
2024-05-12 08:23:11,987 [ERROR] ApiFinderProperties:228 - Failed to read file additional_hw_images/ST25DV04K.jpg: C:\Users\DANIE\.stmcufinder\plugins\mcufinder\mcu\additional_hw_images\ST25DV04K.jpg (The system cannot find the path specified)
2024-05-12 08:23:11,988 [ERROR] ApiFinderProperties:228 - Failed to read file additional_hw_images/S2-LP.jpg: C:\Users\DANIE\.stmcufinder\plugins\mcufinder\mcu\additional_hw_images\S2-LP.jpg (The system cannot find the path specified)
2024-05-12 08:23:11,989 [ERROR] ApiFinderProperties:228 - Failed to read file additional_hw_images/M95M04-DR.jpg: C:\Users\DANIE\.stmcufinder\plugins\mcufinder\mcu\additional_hw_images\M95M04-DR.jpg (The system cannot find the path specified)
2024-05-12 08:23:11,989 [ERROR] ApiFinderProperties:228 - Failed to read file additional_hw_images/M95M01-DF.jpg: C:\Users\DANIE\.stmcufinder\plugins\mcufinder\mcu\additional_hw_images\M95M01-DF.jpg (The system cannot find the path specified)
2024-05-12 08:23:11,990 [ERROR] ApiFinderProperties:228 - Failed to read file additional_hw_images/M95256-DF.jpg: C:\Users\DANIE\.stmcufinder\plugins\mcufinder\mcu\additional_hw_images\M95256-DF.jpg (The system cannot find the path specified)
2024-05-12 08:23:11,990 [ERROR] ApiFinderProperties:228 - Failed to read file additional_hw_images/M95040-R.jpg: C:\Users\DANIE\.stmcufinder\plugins\mcufinder\mcu\additional_hw_images\M95040-R.jpg (The system cannot find the path specified)
2024-05-12 08:23:11,990 [ERROR] ApiFinderProperties:228 - Failed to read file additional_hw_images/M24M01-DF.jpg: C:\Users\DANIE\.stmcufinder\plugins\mcufinder\mcu\additional_hw_images\M24M01-DF.jpg (The system cannot find the path specified)
2024-05-12 08:23:11,991 [ERROR] ApiFinderProperties:228 - Failed to read file additional_hw_images/M24C02-F.jpg: C:\Users\DANIE\.stmcufinder\plugins\mcufinder\mcu\additional_hw_images\M24C02-F.jpg (The system cannot find the path specified)
2024-05-12 08:23:11,991 [ERROR] ApiFinderProperties:228 - Failed to read file additional_hw_images/M24256-DF.jpg: C:\Users\DANIE\.stmcufinder\plugins\mcufinder\mcu\additional_hw_images\M24256-DF.jpg (The system cannot find the path specified)
2024-05-12 08:23:11,991 [ERROR] ApiFinderProperties:228 - Failed to read file additional_hw_images/LSM6DSO.jpg: C:\Users\DANIE\.stmcufinder\plugins\mcufinder\mcu\additional_hw_images\LSM6DSO.jpg (The system cannot find the path specified)
2024-05-12 08:23:11,992 [ERROR] ApiFinderProperties:228 - Failed to read file additional_hw_images/LSM6DSL.jpg: C:\Users\DANIE\.stmcufinder\plugins\mcufinder\mcu\additional_hw_images\LSM6DSL.jpg (The system cannot find the path specified)
2024-05-12 08:23:11,994 [ERROR] ApiFinderProperties:228 - Failed to read file additional_hw_images/LSM303AGR.jpg: C:\Users\DANIE\.stmcufinder\plugins\mcufinder\mcu\additional_hw_images\LSM303AGR.jpg (The system cannot find the path specified)
2024-05-12 08:23:11,994 [ERROR] ApiFinderProperties:228 - Failed to read file additional_hw_images/LPS22HH.jpg: C:\Users\DANIE\.stmcufinder\plugins\mcufinder\mcu\additional_hw_images\LPS22HH.jpg (The system cannot find the path specified)
2024-05-12 08:23:11,995 [ERROR] ApiFinderProperties:228 - Failed to read file additional_hw_images/LPS22HB.jpg: C:\Users\DANIE\.stmcufinder\plugins\mcufinder\mcu\additional_hw_images\LPS22HB.jpg (The system cannot find the path specified)
2024-05-12 08:23:11,996 [ERROR] ApiFinderProperties:228 - Failed to read file additional_hw_images/LIS2MDL.jpg: C:\Users\DANIE\.stmcufinder\plugins\mcufinder\mcu\additional_hw_images\LIS2MDL.jpg (The system cannot find the path specified)
2024-05-12 08:23:11,997 [ERROR] ApiFinderProperties:228 - Failed to read file additional_hw_images/LIS2DW12.jpg: C:\Users\DANIE\.stmcufinder\plugins\mcufinder\mcu\additional_hw_images\LIS2DW12.jpg (The system cannot find the path specified)
2024-05-12 08:23:11,999 [ERROR] ApiFinderProperties:228 - Failed to read file additional_hw_images/ISM330DHCX.jpg: C:\Users\DANIE\.stmcufinder\plugins\mcufinder\mcu\additional_hw_images\ISM330DHCX.jpg (The system cannot find the path specified)
2024-05-12 08:23:12,000 [ERROR] ApiFinderProperties:228 - Failed to read file additional_hw_images/IMP34DT05.jpg: C:\Users\DANIE\.stmcufinder\plugins\mcufinder\mcu\additional_hw_images\IMP34DT05.jpg (The system cannot find the path specified)
2024-05-12 08:23:12,001 [ERROR] ApiFinderProperties:228 - Failed to read file additional_hw_images/IIS2MDC.jpg: C:\Users\DANIE\.stmcufinder\plugins\mcufinder\mcu\additional_hw_images\IIS2MDC.jpg (The system cannot find the path specified)
2024-05-12 08:23:12,009 [ERROR] ApiFinderProperties:228 - Failed to read file additional_hw_images/IIS2ICLX.jpg: C:\Users\DANIE\.stmcufinder\plugins\mcufinder\mcu\additional_hw_images\IIS2ICLX.jpg (The system cannot find the path specified)
2024-05-12 08:23:12,010 [ERROR] ApiFinderProperties:228 - Failed to read file additional_hw_images/IIS2DLPC.jpg: C:\Users\DANIE\.stmcufinder\plugins\mcufinder\mcu\additional_hw_images\IIS2DLPC.jpg (The system cannot find the path specified)
2024-05-12 08:23:12,012 [ERROR] ApiFinderProperties:228 - Failed to read file additional_hw_images/HTS221.jpg: C:\Users\DANIE\.stmcufinder\plugins\mcufinder\mcu\additional_hw_images\HTS221.jpg (The system cannot find the path specified)
2024-05-12 08:23:12,012 [ERROR] ApiFinderProperties:228 - Failed to read file additional_hw_images/BlueNRG-M2SP.jpg: C:\Users\DANIE\.stmcufinder\plugins\mcufinder\mcu\additional_hw_images\BlueNRG-M2SP.jpg (The system cannot find the path specified)
2024-05-12 08:23:12,013 [ERROR] ApiFinderProperties:228 - Failed to read file additional_hw_images/BlueNRG-M0.jpg: C:\Users\DANIE\.stmcufinder\plugins\mcufinder\mcu\additional_hw_images\BlueNRG-M0.jpg (The system cannot find the path specified)
2024-05-12 08:23:12,062 [WARN] ApiFinderProperties:110 - C:\Users\DANIE\.stmcufinder\plugins\mcufinder\mcu\mcuFinder.mfd doesn't exist
2024-05-12 08:23:12,063 [INFO] ApiDb:249 - Set database path to: C:\Users\DANIE\.stmcufinder\plugins\mcufinder//mcu/
2024-05-12 08:23:12,064 [INFO] DbMcusAds:124 - Set database path to: C:\Users\DANIE\.stmcufinder\plugins\mcufinder//mcu/
2024-05-12 08:23:12,299 [INFO] CrossReferenceDbSqlite:201 - Set database path to: C:\Users\DANIE\.stmcufinder\plugins\mcufinder//mcu/cs/
2024-05-12 08:23:12,381 [INFO] RulesReader:61 - Compatibility file has been processed (282 Rules)
2024-05-12 08:23:12,466 [INFO] DbMcusXml:77 - Set database path to: D:\ST\STM32CubeIDE_1.10.1\STM32CubeIDE\plugins\com.st.stm32cube.common.mx_6.6.1.202207061420\\db\/mcu/
2024-05-12 08:23:12,466 [INFO] ApiDb:269 - Set plugin database path to: D:\ST\STM32CubeIDE_1.10.1\STM32CubeIDE\plugins\com.st.stm32cube.common.mx_6.6.1.202207061420\\db\/plugins/boardmanager/
2024-05-12 08:23:12,466 [INFO] ApiDb:256 - Set plugin images path to: D:\ST\STM32CubeIDE_1.10.1\STM32CubeIDE\plugins\com.st.stm32cube.common.mx_6.6.1.202207061420\\db\/plugins/mcufinder/images/
2024-05-12 08:23:12,467 [WARN] DbFile:40 - Overriding database path with different value: C:\Users\DANIE\.stmcufinder\plugins\mcufinder/ => C:\Users\DANIE\.stmcufinder\plugins\mcufinder
2024-05-12 08:23:12,467 [INFO] ApiDb:249 - Set database path to: C:\Users\DANIE\.stmcufinder\plugins\mcufinder//mcu/
2024-05-12 08:23:12,467 [WARN] DbFile:40 - Overriding database path with different value: C:\Users\DANIE\.stmcufinder\plugins\mcufinder/ => C:\Users\DANIE\.stmcufinder\plugins\mcufinder
2024-05-12 08:23:12,467 [INFO] DbMcusAds:124 - Set database path to: C:\Users\DANIE\.stmcufinder\plugins\mcufinder//mcu/
2024-05-12 08:23:12,467 [WARN] DbFile:40 - Overriding database path with different value: C:\Users\DANIE\.stmcufinder\plugins\mcufinder/ => C:\Users\DANIE\.stmcufinder\plugins\mcufinder
2024-05-12 08:23:12,467 [WARN] DbFile:40 - Overriding database path with different value: C:\Users\DANIE\.stmcufinder\plugins\mcufinder/ => C:\Users\DANIE\.stmcufinder\plugins\mcufinder
2024-05-12 08:23:12,467 [INFO] CrossReferenceDbSqlite:201 - Set database path to: C:\Users\DANIE\.stmcufinder\plugins\mcufinder//mcu/cs/
2024-05-12 08:23:12,532 [INFO] MainPanel:242 - HeapMemory: 527433728
2024-05-12 08:23:12,595 [INFO] DbMcusXml:77 - Set database path to: D:\ST\STM32CubeIDE_1.10.1\STM32CubeIDE\plugins\com.st.stm32cube.common.mx_6.6.1.202207061420\\db\/mcu/
2024-05-12 08:23:12,596 [INFO] ApiDb:269 - Set plugin database path to: D:\ST\STM32CubeIDE_1.10.1\STM32CubeIDE\plugins\com.st.stm32cube.common.mx_6.6.1.202207061420\\db\/plugins/boardmanager/
2024-05-12 08:23:12,596 [INFO] ApiDb:256 - Set plugin images path to: D:\ST\STM32CubeIDE_1.10.1\STM32CubeIDE\plugins\com.st.stm32cube.common.mx_6.6.1.202207061420\\db\/plugins/mcufinder/images/
2024-05-12 08:23:12,596 [WARN] DbFile:40 - Overriding database path with different value: C:\Users\DANIE\.stmcufinder\plugins\mcufinder/ => C:\Users\DANIE\.stmcufinder\plugins\mcufinder
2024-05-12 08:23:12,596 [INFO] ApiDb:249 - Set database path to: C:\Users\DANIE\.stmcufinder\plugins\mcufinder//mcu/
2024-05-12 08:23:12,596 [WARN] DbFile:40 - Overriding database path with different value: C:\Users\DANIE\.stmcufinder\plugins\mcufinder/ => C:\Users\DANIE\.stmcufinder\plugins\mcufinder
2024-05-12 08:23:12,596 [INFO] DbMcusAds:124 - Set database path to: C:\Users\DANIE\.stmcufinder\plugins\mcufinder//mcu/
2024-05-12 08:23:12,596 [WARN] DbFile:40 - Overriding database path with different value: C:\Users\DANIE\.stmcufinder\plugins\mcufinder/ => C:\Users\DANIE\.stmcufinder\plugins\mcufinder
2024-05-12 08:23:12,597 [WARN] DbFile:40 - Overriding database path with different value: C:\Users\DANIE\.stmcufinder\plugins\mcufinder/ => C:\Users\DANIE\.stmcufinder\plugins\mcufinder
2024-05-12 08:23:12,597 [INFO] CrossReferenceDbSqlite:201 - Set database path to: C:\Users\DANIE\.stmcufinder\plugins\mcufinder//mcu/cs/
2024-05-12 08:23:12,613 [INFO] ApplicationProperties:181 - Using Application install path: D:\ST\STM32CubeIDE_1.10.1\STM32CubeIDE\plugins\com.st.stm32cube.common.mx_6.6.1.202207061420
2024-05-12 08:23:12,614 [INFO] PluginManage:193 - Search for loadable plugins [exclusion list=, ]
2024-05-12 08:23:12,615 [INFO] PluginManage:307 - Check plugin analytics
2024-05-12 08:23:17,723 [INFO] AnalyticsPlugin:262 - Accepted Software Licenses: 
2024-05-12 08:23:17,723 [INFO] AnalyticsPlugin:264 - Accepted CMSIS Pack Licenses: 
2024-05-12 08:23:17,724 [INFO] AnalyticsPlugin:266 - Accepted Firmware Licenses: 
2024-05-12 08:23:17,729 [INFO] PluginManage:356 - Loaded plugin analytics (category:tool,tabindex:-1)
2024-05-12 08:23:17,729 [INFO] PluginManage:307 - Check plugin cadmodel
2024-05-12 08:23:17,732 [INFO] CADModel:65 - Init CAD model plugin
2024-05-12 08:23:17,732 [INFO] PluginManage:356 - Loaded plugin cadmodel (category:power,tabindex:5)
2024-05-12 08:23:17,732 [INFO] PluginManage:307 - Check plugin clock
2024-05-12 08:23:17,741 [INFO] PluginManage:356 - Loaded plugin clock (category:base,tabindex:2)
2024-05-12 08:23:17,742 [INFO] PluginManage:307 - Check plugin ddr
2024-05-12 08:23:17,745 [INFO] PluginManage:356 - Loaded plugin ddr (category:tool,tabindex:6)
2024-05-12 08:23:17,745 [INFO] PluginManage:307 - Check plugin filemanager
2024-05-12 08:23:17,851 [INFO] PluginManage:356 - Loaded plugin filemanager (category:base,tabindex:10)
2024-05-12 08:23:17,851 [INFO] PluginManage:307 - Check plugin ipmanager
2024-05-12 08:23:17,858 [INFO] PluginManage:356 - Loaded plugin ipmanager (category:base,tabindex:5)
2024-05-12 08:23:17,858 [INFO] PluginManage:307 - Check plugin lpbam
2024-05-12 08:23:17,866 [INFO] PluginManage:356 - Loaded plugin lpbam (category:base,tabindex:0)
2024-05-12 08:23:17,866 [INFO] PluginManage:307 - Check plugin pinoutandconfiguration
2024-05-12 08:23:17,872 [INFO] PluginManage:356 - Loaded plugin pinoutandconfiguration (category:base,tabindex:1)
2024-05-12 08:23:17,873 [INFO] PluginManage:307 - Check plugin pinoutconfig
2024-05-12 08:23:17,896 [INFO] PluginManage:356 - Loaded plugin pinoutconfig (category:base,tabindex:0)
2024-05-12 08:23:17,896 [INFO] PluginManage:307 - Check plugin power
2024-05-12 08:23:17,905 [INFO] PluginManage:356 - Loaded plugin power (category:power,tabindex:4)
2024-05-12 08:23:17,905 [INFO] PluginManage:307 - Check plugin projectmanager
2024-05-12 08:23:17,924 [INFO] PluginManage:356 - Loaded plugin projectmanager (category:projectmanager,tabindex:3)
2024-05-12 08:23:17,925 [INFO] PluginManage:307 - Check plugin thirdparty
2024-05-12 08:23:18,004 [WARN] IntegrityCheckThread:82 - waiting for thirdparty lock release [integrity check]
2024-05-12 08:23:18,005 [INFO] PluginManage:356 - Loaded plugin thirdparty (category:base,tabindex:-1)
2024-05-12 08:23:18,005 [INFO] IntegrityCheckThread:84 - entering critical section [integrity check]
2024-05-12 08:23:18,005 [INFO] PluginManage:307 - Check plugin tools
2024-05-12 08:23:18,007 [INFO] ThirdPartyUpdaterWithRetryManager:70 - Updater plugin not ready yet. [1/15]
2024-05-12 08:23:18,007 [INFO] PluginManage:356 - Loaded plugin tools (category:base,tabindex:7)
2024-05-12 08:23:18,008 [INFO] PluginManage:307 - Check plugin tutovideos
2024-05-12 08:23:18,168 [INFO] PluginManage:356 - Loaded plugin tutovideos (category:base,tabindex:-1)
2024-05-12 08:23:18,168 [INFO] PluginManage:307 - Check plugin updater
2024-05-12 08:23:18,179 [INFO] PluginManage:356 - Loaded plugin updater (category:base,tabindex:12)
2024-05-12 08:23:18,179 [INFO] PluginManage:280 - PluginManage : Loaded plugins [15]
2024-05-12 08:23:18,416 [INFO] PinOutPanel:1468 - setPackage(No Configuration,No Configuration)
2024-05-12 08:23:18,519 [INFO] CADModel:98 - CPN selected for project level
2024-05-12 08:23:18,539 [INFO] IPUIPlugin:79 - create IPUIPlugin
2024-05-12 08:23:18,540 [INFO] PluginManager:217 - loadIPPluginJar : add adc
2024-05-12 08:23:18,543 [INFO] IPUIPlugin:79 - create IPUIPlugin
2024-05-12 08:23:18,543 [INFO] PluginManager:217 - loadIPPluginJar : add aes
2024-05-12 08:23:18,546 [INFO] IPUIPlugin:79 - create IPUIPlugin
2024-05-12 08:23:18,546 [INFO] PluginManager:217 - loadIPPluginJar : add can
2024-05-12 08:23:18,549 [INFO] IPUIPlugin:79 - create IPUIPlugin
2024-05-12 08:23:18,549 [INFO] PluginManager:217 - loadIPPluginJar : add comp
2024-05-12 08:23:18,551 [INFO] IPUIPlugin:79 - create IPUIPlugin
2024-05-12 08:23:18,551 [INFO] PluginManager:217 - loadIPPluginJar : add cryp
2024-05-12 08:23:18,554 [INFO] IPUIPlugin:79 - create IPUIPlugin
2024-05-12 08:23:18,554 [INFO] PluginManager:217 - loadIPPluginJar : add dfsdm
2024-05-12 08:23:18,561 [INFO] IPUIPlugin:79 - create IPUIPlugin
2024-05-12 08:23:18,562 [INFO] PluginManager:217 - loadIPPluginJar : add dma
2024-05-12 08:23:18,565 [INFO] IPUIPlugin:79 - create IPUIPlugin
2024-05-12 08:23:18,565 [INFO] PluginManager:217 - loadIPPluginJar : add dma3
2024-05-12 08:23:18,566 [INFO] IPUIPlugin:79 - create IPUIPlugin
2024-05-12 08:23:18,566 [INFO] PluginManager:217 - loadIPPluginJar : add fatfs
2024-05-12 08:23:18,570 [INFO] IPUIPlugin:79 - create IPUIPlugin
2024-05-12 08:23:18,570 [INFO] PluginManager:217 - loadIPPluginJar : add fmc
2024-05-12 08:23:18,576 [INFO] IPUIPlugin:79 - create IPUIPlugin
2024-05-12 08:23:18,577 [INFO] PluginManager:217 - loadIPPluginJar : add freertos
2024-05-12 08:23:18,589 [INFO] IPUIPlugin:79 - create IPUIPlugin
2024-05-12 08:23:18,590 [INFO] PluginManager:217 - loadIPPluginJar : add genericplugin
2024-05-12 08:23:18,610 [INFO] IPUIPlugin:79 - create IPUIPlugin
2024-05-12 08:23:18,611 [INFO] PluginManager:217 - loadIPPluginJar : add gfxmmu
2024-05-12 08:23:18,617 [INFO] IPUIPlugin:79 - create IPUIPlugin
2024-05-12 08:23:18,617 [INFO] PluginManager:217 - loadIPPluginJar : add gic
2024-05-12 08:23:18,622 [INFO] IPUIPlugin:79 - create IPUIPlugin
2024-05-12 08:23:18,622 [INFO] PluginManager:217 - loadIPPluginJar : add gpio
2024-05-12 08:23:18,624 [INFO] IPUIPlugin:79 - create IPUIPlugin
2024-05-12 08:23:18,624 [INFO] PluginManager:217 - loadIPPluginJar : add gtzc
2024-05-12 08:23:18,626 [INFO] IPUIPlugin:79 - create IPUIPlugin
2024-05-12 08:23:18,626 [INFO] PluginManager:217 - loadIPPluginJar : add hash
2024-05-12 08:23:18,628 [INFO] IPUIPlugin:79 - create IPUIPlugin
2024-05-12 08:23:18,628 [INFO] PluginManager:217 - loadIPPluginJar : add i2c
2024-05-12 08:23:18,629 [INFO] IPUIPlugin:79 - create IPUIPlugin
2024-05-12 08:23:18,629 [INFO] PluginManager:217 - loadIPPluginJar : add i2s
2024-05-12 08:23:18,632 [INFO] IPUIPlugin:79 - create IPUIPlugin
2024-05-12 08:23:18,632 [INFO] PluginManager:217 - loadIPPluginJar : add ipddr
2024-05-12 08:23:18,640 [INFO] IPUIPlugin:79 - create IPUIPlugin
2024-05-12 08:23:18,641 [INFO] PluginManager:217 - loadIPPluginJar : add linkedlist
2024-05-12 08:23:18,644 [INFO] IPUIPlugin:79 - create IPUIPlugin
2024-05-12 08:23:18,644 [INFO] PluginManager:217 - loadIPPluginJar : add lorawan
2024-05-12 08:23:18,645 [INFO] IPUIPlugin:79 - create IPUIPlugin
2024-05-12 08:23:18,646 [INFO] PluginManager:217 - loadIPPluginJar : add ltdc
2024-05-12 08:23:18,653 [INFO] IPUIPlugin:79 - create IPUIPlugin
2024-05-12 08:23:18,653 [INFO] PluginManager:217 - loadIPPluginJar : add mdma
2024-05-12 08:23:18,656 [INFO] IPUIPlugin:79 - create IPUIPlugin
2024-05-12 08:23:18,656 [INFO] PluginManager:217 - loadIPPluginJar : add nvic
2024-05-12 08:23:18,659 [INFO] IPUIPlugin:79 - create IPUIPlugin
2024-05-12 08:23:18,659 [INFO] PluginManager:217 - loadIPPluginJar : add opamp
2024-05-12 08:23:18,662 [INFO] IPUIPlugin:79 - create IPUIPlugin
2024-05-12 08:23:18,662 [INFO] PluginManager:217 - loadIPPluginJar : add openamp
2024-05-12 08:23:18,665 [INFO] IPUIPlugin:79 - create IPUIPlugin
2024-05-12 08:23:18,665 [INFO] PluginManager:217 - loadIPPluginJar : add pdm2pcm
2024-05-12 08:23:18,673 [INFO] IPUIPlugin:79 - create IPUIPlugin
2024-05-12 08:23:18,677 [INFO] PluginManager:217 - loadIPPluginJar : add plateformsettings
2024-05-12 08:23:18,679 [INFO] IPUIPlugin:79 - create IPUIPlugin
2024-05-12 08:23:18,679 [INFO] PluginManager:217 - loadIPPluginJar : add quadspi
2024-05-12 08:23:18,683 [INFO] IPUIPlugin:79 - create IPUIPlugin
2024-05-12 08:23:18,683 [INFO] PluginManager:217 - loadIPPluginJar : add resmgrutility
2024-05-12 08:23:18,687 [INFO] IPUIPlugin:79 - create IPUIPlugin
2024-05-12 08:23:18,687 [INFO] PluginManager:217 - loadIPPluginJar : add sai
2024-05-12 08:23:18,689 [INFO] IPUIPlugin:79 - create IPUIPlugin
2024-05-12 08:23:18,689 [INFO] PluginManager:217 - loadIPPluginJar : add spi
2024-05-12 08:23:18,693 [INFO] IPUIPlugin:79 - create IPUIPlugin
2024-05-12 08:23:18,693 [INFO] PluginManager:217 - loadIPPluginJar : add stm32_wpan
2024-05-12 08:23:18,695 [INFO] IPUIPlugin:79 - create IPUIPlugin
2024-05-12 08:23:18,695 [INFO] PluginManager:217 - loadIPPluginJar : add tim
2024-05-12 08:23:18,697 [INFO] IPUIPlugin:79 - create IPUIPlugin
2024-05-12 08:23:18,697 [INFO] PluginManager:217 - loadIPPluginJar : add touchsensing
2024-05-12 08:23:18,711 [INFO] IPUIPlugin:79 - create IPUIPlugin
2024-05-12 08:23:18,711 [INFO] PluginManager:217 - loadIPPluginJar : add tracer_emb
2024-05-12 08:23:18,713 [INFO] IPUIPlugin:79 - create IPUIPlugin
2024-05-12 08:23:18,714 [INFO] PluginManager:217 - loadIPPluginJar : add ts
2024-05-12 08:23:18,716 [INFO] IPUIPlugin:79 - create IPUIPlugin
2024-05-12 08:23:18,716 [INFO] PluginManager:217 - loadIPPluginJar : add tsc
2024-05-12 08:23:18,717 [INFO] IPUIPlugin:79 - create IPUIPlugin
2024-05-12 08:23:18,718 [INFO] PluginManager:217 - loadIPPluginJar : add ucpd
2024-05-12 08:23:18,720 [INFO] IPUIPlugin:79 - create IPUIPlugin
2024-05-12 08:23:18,720 [INFO] PluginManager:217 - loadIPPluginJar : add usart
2024-05-12 08:23:18,724 [INFO] IPUIPlugin:79 - create IPUIPlugin
2024-05-12 08:23:18,725 [INFO] PluginManager:217 - loadIPPluginJar : add usbx
2024-05-12 08:23:19,045 [FATAL] Updater:301 - Updater called before beeing initialized
2024-05-12 08:23:19,172 [FATAL] Updater:301 - Updater called before beeing initialized
2024-05-12 08:23:19,178 [INFO] DbMcusAds:52 - JSON generation date=Thu Sep 30 01:55:09 COT 2021 (1632984909247)
2024-05-12 08:23:19,179 [FATAL] Updater:301 - Updater called before beeing initialized
2024-05-12 08:23:19,218 [WARN] DetailPanel:344 - Failed to get advertising image, set to default
2024-05-12 08:23:19,402 [FATAL] Updater:301 - Updater called before beeing initialized
2024-05-12 08:23:19,412 [FATAL] Updater:301 - Updater called before beeing initialized
2024-05-12 08:23:19,412 [FATAL] Updater:301 - Updater called before beeing initialized
2024-05-12 08:23:19,413 [WARN] DetailPanel:344 - Failed to get advertising image, set to default
2024-05-12 08:23:19,414 [FATAL] Updater:301 - Updater called before beeing initialized
2024-05-12 08:23:19,466 [ERROR] Updater:1105 - MainUpdater not yet initialized. External WinMGr cannot be set.
2024-05-12 08:23:19,468 [INFO] Updater:1041 - Updater Version found : 6.6.1
2024-05-12 08:23:19,496 [INFO] ApplicationProperties:181 - Using Application install path: D:\ST\STM32CubeIDE_1.10.1\STM32CubeIDE\plugins\com.st.stm32cube.common.mx_6.6.1.202207061420
2024-05-12 08:23:19,522 [INFO] MainUpdater:516 - Copy updater definitions from MX database
2024-05-12 08:23:19,545 [INFO] MainUpdater:549 - Copy flag file definitions from MX database
2024-05-12 08:23:19,547 [INFO] MainUpdater:565 - Copy thirdparty index definitions from MX database
2024-05-12 08:23:19,549 [INFO] MainUpdater:584 - Copy default thirdparty db definitions from MX database
2024-05-12 08:23:20,349 [INFO] MainUpdater:2768 - connection check result : 10
2024-05-12 08:23:20,349 [INFO] MainUpdater:3453 - Updater definition file requires update
2024-05-12 08:23:20,351 [INFO] MainUpdater:280 - Updater Check For Update Now.
2024-05-12 08:23:20,351 [INFO] MicroXplorer:481 - Change Database Version : DB.6.0.60
2024-05-12 08:23:20,841 [INFO] ServerAccessManage:474 - Download File updaters.zip
2024-05-12 08:23:21,018 [WARN] MainUpdater:1184 - Updater busy. Cannot search thirdparties
2024-05-12 08:23:21,019 [INFO] ThirdPartyUpdaterWithRetryManager:96 - Updater plugin is busy. [1/15]
2024-05-12 08:23:21,219 [INFO] FileExtend:239 - Unzip File : updaters.zip
2024-05-12 08:23:21,219 [INFO] FileExtend:254 - Standard Zip Deflate
2024-05-12 08:23:22,023 [INFO] ServerAccessManage:474 - Download File PacksControlFlags.xml
2024-05-12 08:23:22,495 [INFO] ServerAccessManage:474 - Download File cubemx.pidx
2024-05-12 08:23:23,415 [INFO] ServerAccessManage:474 - Download File STMicroelectronics.FP-ATR-ASTRA1.pdsc
2024-05-12 08:23:24,032 [WARN] MainUpdater:1184 - Updater busy. Cannot search thirdparties
2024-05-12 08:23:24,032 [INFO] ThirdPartyUpdaterWithRetryManager:96 - Updater plugin is busy. [2/15]
2024-05-12 08:23:26,567 [INFO] ServerAccessManage:474 - Download File STMicroelectronics.FP-ATR-SIGFOX1.pdsc
2024-05-12 08:23:27,046 [WARN] MainUpdater:1184 - Updater busy. Cannot search thirdparties
2024-05-12 08:23:27,046 [INFO] ThirdPartyUpdaterWithRetryManager:96 - Updater plugin is busy. [3/15]
2024-05-12 08:23:28,201 [INFO] ServerAccessManage:474 - Download File STMicroelectronics.FP-SNS-FLIGHT1.pdsc
2024-05-12 08:23:30,059 [WARN] MainUpdater:1184 - Updater busy. Cannot search thirdparties
2024-05-12 08:23:30,059 [INFO] ThirdPartyUpdaterWithRetryManager:96 - Updater plugin is busy. [4/15]
2024-05-12 08:23:31,500 [INFO] ServerAccessManage:474 - Download File STMicroelectronics.FP-SNS-MOTENV1.pdsc
2024-05-12 08:23:33,068 [WARN] MainUpdater:1184 - Updater busy. Cannot search thirdparties
2024-05-12 08:23:33,068 [INFO] ThirdPartyUpdaterWithRetryManager:96 - Updater plugin is busy. [5/15]
2024-05-12 08:23:35,520 [INFO] ServerAccessManage:474 - Download File STMicroelectronics.FP-SNS-MOTENVWB1.pdsc
2024-05-12 08:23:36,083 [WARN] MainUpdater:1184 - Updater busy. Cannot search thirdparties
2024-05-12 08:23:36,083 [INFO] ThirdPartyUpdaterWithRetryManager:96 - Updater plugin is busy. [6/15]
2024-05-12 08:23:38,601 [INFO] ServerAccessManage:474 - Download File STMicroelectronics.FP-SNS-SMARTAG2.pdsc
2024-05-12 08:23:39,084 [WARN] MainUpdater:1184 - Updater busy. Cannot search thirdparties
2024-05-12 08:23:39,084 [INFO] ThirdPartyUpdaterWithRetryManager:96 - Updater plugin is busy. [7/15]
2024-05-12 08:23:40,246 [INFO] ServerAccessManage:474 - Download File STMicroelectronics.X-CUBE-AI.pdsc
2024-05-12 08:23:40,866 [INFO] MainUpdater:2768 - connection check result : 10
2024-05-12 08:23:42,098 [WARN] MainUpdater:1184 - Updater busy. Cannot search thirdparties
2024-05-12 08:23:42,098 [INFO] ThirdPartyUpdaterWithRetryManager:96 - Updater plugin is busy. [8/15]
2024-05-12 08:23:45,106 [WARN] MainUpdater:1184 - Updater busy. Cannot search thirdparties
2024-05-12 08:23:45,106 [INFO] ThirdPartyUpdaterWithRetryManager:96 - Updater plugin is busy. [9/15]
2024-05-12 08:23:48,120 [WARN] MainUpdater:1184 - Updater busy. Cannot search thirdparties
2024-05-12 08:23:48,120 [INFO] ThirdPartyUpdaterWithRetryManager:96 - Updater plugin is busy. [10/15]
2024-05-12 08:23:51,126 [WARN] MainUpdater:1184 - Updater busy. Cannot search thirdparties
2024-05-12 08:23:51,126 [INFO] ThirdPartyUpdaterWithRetryManager:96 - Updater plugin is busy. [11/15]
2024-05-12 08:23:54,047 [INFO] ServerAccessManage:474 - Download File STMicroelectronics.X-CUBE-ALS.pdsc
2024-05-12 08:23:54,136 [WARN] MainUpdater:1184 - Updater busy. Cannot search thirdparties
2024-05-12 08:23:54,136 [INFO] ThirdPartyUpdaterWithRetryManager:96 - Updater plugin is busy. [12/15]
2024-05-12 08:23:56,226 [INFO] ServerAccessManage:474 - Download File STMicroelectronics.X-CUBE-BLE1.pdsc
2024-05-12 08:23:57,142 [WARN] MainUpdater:1184 - Updater busy. Cannot search thirdparties
2024-05-12 08:23:57,142 [INFO] ThirdPartyUpdaterWithRetryManager:96 - Updater plugin is busy. [13/15]
2024-05-12 08:24:00,142 [WARN] MainUpdater:1184 - Updater busy. Cannot search thirdparties
2024-05-12 08:24:00,142 [INFO] ThirdPartyUpdaterWithRetryManager:96 - Updater plugin is busy. [14/15]
2024-05-12 08:24:03,154 [WARN] MainUpdater:1184 - Updater busy. Cannot search thirdparties
2024-05-12 08:24:03,154 [INFO] ThirdPartyUpdaterWithRetryManager:96 - Updater plugin is busy. [15/15]
2024-05-12 08:24:03,154 [ERROR] IntegrityCheckThread:128 - Cannot retrieve database content from updater: error -1
2024-05-12 08:24:03,155 [INFO] ThirdParty:929 - Integrity check success = false
2024-05-12 08:24:03,155 [INFO] IntegrityCheckThread:98 - exiting critical section [integrity check]
2024-05-12 08:24:03,155 [INFO] IntegrityCheckThread:101 - End integrity checks thread
2024-05-12 08:24:05,885 [ERROR] ServerAccessManage:1090 - Problem, file not found on Server
2024-05-12 08:24:06,759 [INFO] ServerAccessManage:474 - Download File STMicroelectronics.X-CUBE-BLE2.pdsc
2024-05-12 08:24:13,517 [INFO] ServerAccessManage:474 - Download File STMicroelectronics.X-CUBE-BLEMGR.pdsc
2024-05-12 08:24:19,603 [INFO] ServerAccessManage:474 - Download File STMicroelectronics.X-CUBE-DISPLAY.pdsc
2024-05-12 08:24:20,929 [INFO] MainUpdater:2768 - connection check result : 10
2024-05-12 08:24:25,189 [INFO] ServerAccessManage:474 - Download File STMicroelectronics.X-CUBE-EEPRMA1.pdsc
2024-05-12 08:24:26,751 [ERROR] ServerAccessManage:1090 - Problem, file not found on Server
2024-05-12 08:24:28,934 [ERROR] ServerAccessManage:1090 - Problem, file not found on Server
2024-05-12 08:24:31,776 [INFO] ServerAccessManage:474 - Download File STMicroelectronics.X-CUBE-FREERTOS.pdsc
2024-05-12 08:24:35,250 [INFO] ServerAccessManage:474 - Download File STMicroelectronics.X-CUBE-GNSS1.pdsc
2024-05-12 08:24:41,469 [INFO] McuFinderGlobals:57 - Set McuFinderConnectedMode to true
2024-05-12 08:24:41,476 [INFO] MultiScanPanel:195 - Auto-refresh data requested => check proxy status ongoing
2024-05-12 08:24:41,489 [INFO] FinderPluginLoader:92 - Searching for filters in installed packs
2024-05-12 08:24:41,570 [INFO] ApiDb:576 - Connected to CubeFinder SQLite database (C:\Users\DANIE\.stmcufinder\plugins\mcufinder\mcu\cube-finder-db.db)
2024-05-12 08:24:41,597 [INFO] ApiDb:663 - CubeFinder database Data Model version=2.1
2024-05-12 08:24:41,597 [INFO] ApiDb:664 - CubeFinder database Configuration version=3.0.32
2024-05-12 08:24:41,598 [INFO] ApiDb:665 - CubeFinder database generation date=2022-06-13 (1655129059)
2024-05-12 08:24:41,598 [INFO] ApiDb:666 - CubeFinder database FW Pack versions=[STM32Cube_FW_C0_V1.0.0, STM32Cube_FW_F4_V1.27.0, STM32Cube_FW_F7_V1.17.0, STM32Cube_FW_G0_V1.6.0, STM32Cube_FW_G4_V1.5.0, STM32Cube_FW_H7_V1.10.0, STM32Cube_FW_L5_V1.4.0, STM32Cube_FW_U5_V1.1.1, STM32Cube_FW_WB_V1.14.0, STM32Cube_FW_WL_V1.2.0, X-CUBE-ALGOBUILD_V1.3.0, X-CUBE-ALS_V1.0.1, X-CUBE-AZRTOS-F4_V1.0.0, X-CUBE-AZRTOS-F7_V1.0.0, X-CUBE-AZRTOS-G0_V1.0.0, X-CUBE-AZRTOS-G4_V1.0.0, X-CUBE-AZRTOS-H7_V2.1.0, X-CUBE-AZRTOS-L4_V1.0.0, X-CUBE-AZRTOS-L5_V1.0.0, X-CUBE-AZRTOS-WL_V1.0.0, X-CUBE-BLE1_V6.2.3, X-CUBE-BLE2_V3.3.0, X-CUBE-EEPRMA1_V3.1.1, X-CUBE-GNSS1_V6.0.0, X-CUBE-MEMS1_V9.1.0, X-CUBE-NFC4_V2.0.3, X-CUBE-NFC7_V1.0.0, X-CUBE-SFXS2LP1_V3.1.0, X-CUBE-SUBG2_V5.0.0]
2024-05-12 08:24:41,875 [ERROR] ServerAccessManage:1090 - Problem, file not found on Server
2024-05-12 08:24:42,241 [ERROR] ServerAccessManage:1090 - Problem, file not found on Server
2024-05-12 08:24:43,006 [ERROR] ServerAccessManage:1090 - Problem, file not found on Server
2024-05-12 08:24:43,262 [INFO] ApiDb:239 - Found 138 in-development CPN: [B-WB1M-WPAN1, NUCLEO-C031C6, STEVAL-STWINBX1, STM320518-EVAL, STM32C0116-DK, STM32C011D6Y3TR, STM32C011D6Y6TR, STM32C011F4P3, STM32C011F4P6, STM32C011F4U3, STM32C011F4U6TR, STM32C011F6P3, STM32C011F6P6, STM32C011F6U3, STM32C011F6U6TR, STM32C011J4M3, STM32C011J4M6, STM32C011J6M3, STM32C011J6M6, STM32C0316-DK, STM32C031C4T3, STM32C031C4T6, STM32C031C4U3, STM32C031C4U6, STM32C031C6T3, STM32C031C6T6, STM32C031C6U3, STM32C031C6U6, STM32C031F4P3, STM32C031F4P6, STM32C031F6P3, STM32C031F6P6, STM32C031G4U3, STM32C031G4U6, STM32C031G6U3, STM32C031G6U6, STM32C031K4T3, STM32C031K4T6, STM32C031K4U3, STM32C031K4U6, STM32C031K6T3, STM32C031K6T6, STM32C031K6U3, STM32C031K6U6, STM32G071K8TXN, STM32G071K8UXN, STM32G081GBU6N, STM32G081KBT6N, STM32G081KBUXN, STM32G0B1CCT6N, STM32G0B1KCT6, STM32G0B1NEY6TR, STM32G0B1RCT6N, STM32G0C1CCT6, STM32G0C1CCT6N, STM32G0C1CCU6N, STM32G0C1CET6N, STM32G0C1CEU6N, STM32G0C1KCT6, STM32G0C1NEY6TR, STM32G0C1RCI6N, STM32G0C1RCT6N, STM32G0C1REI6N, STM32G0C1RET6N, STM32G0C1VCI6, STM32G0C1VEI6, STM32G471CCT6, STM32G471CCU6, STM32G471CET3, STM32G471CET6, STM32G471CEU3, STM32G471CEU6, STM32G471MCT6, STM32G471MET3, STM32G471MET6, STM32G471MEY6TR, STM32G471QCT6, STM32G471QET3, STM32G471RCT6, STM32G471RET3, STM32G471RET6, STM32G471VCH6, STM32G471VCI6, STM32G471VCT6, STM32G471VEH3, STM32G471VEH6, STM32G471VEI3, STM32G471VEI6, STM32G471VET3, STM32G471VET6, STM32G474CCT6, STM32L476VGY6PTR, STM32L4R5QGI6STR, STM32MP131AAE3, STM32MP131AAF3, STM32MP131AAG3, STM32MP131CAE3, STM32MP131CAF3, STM32MP131CAG3, STM32MP131DAE7, STM32MP131DAF7, STM32MP131DAG7, STM32MP131FAE7, STM32MP131FAF7, STM32MP131FAG7, STM32MP133AAE3, STM32MP133AAF3, STM32MP133AAG3, STM32MP133CAE3, STM32MP133CAF3, STM32MP133CAG3, STM32MP133DAE7, STM32MP133DAF7, STM32MP133DAG7, STM32MP133FAE7, STM32MP133FAF7, STM32MP133FAG7, STM32MP135AAE3, STM32MP135AAF3, STM32MP135AAG3, STM32MP135CAE3, STM32MP135CAF3, STM32MP135CAG3, STM32MP135DAE7, STM32MP135DAF7, STM32MP135DAG7, STM32MP135F-DK, STM32MP135FAE7, STM32MP135FAF7, STM32MP135FAG7, STM32U595ZJT6Q, STM32U599BJY6QTR, STM32U599NIH6Q, STM32U599NJH6Q, STM32U5A5ZJT6Q, STM32U5A9BJY6QTR, STM32U5A9NJH6Q, STM32WB1MMCH6]
2024-05-12 08:24:43,264 [INFO] DbMcus:215 - Found 3542 MCUs, 3542 are supported
2024-05-12 08:24:43,265 [INFO] ApiDb:409 - User favorites file not found: C:\Users\DANIE/.stm32cubeide/favorites.mcus.txt
2024-05-12 08:24:43,265 [INFO] DbMcus:221 - Set 0 / 0 favorites MCUs
2024-05-12 08:24:43,723 [ERROR] ServerAccessManage:1090 - Problem, file not found on Server
2024-05-12 08:24:44,259 [ERROR] WebUtils:385 - Updater is busy
2024-05-12 08:24:44,259 [WARN] DetailPanel:344 - Failed to get advertising image, set to default
2024-05-12 08:24:44,461 [ERROR] ServerAccessManage:1090 - Problem, file not found on Server
2024-05-12 08:24:44,733 [INFO] MultiScanPanel:778 - Auto Refresh Data is needed due to updater interval setting
2024-05-12 08:24:44,733 [ERROR] WebUtils:644 - Updater is busy
2024-05-12 08:24:45,166 [ERROR] ServerAccessManage:1090 - Problem, file not found on Server
2024-05-12 08:24:45,187 [INFO] DbMcusAds:52 - JSON generation date=Thu Sep 30 01:55:09 COT 2021 (1632984909247)
2024-05-12 08:24:45,190 [INFO] ApiDb:443 - Save user favorites file C:\Users\DANIE/.stm32cubeide/favorites.mcus.txt: 0 item(s)
2024-05-12 08:24:45,191 [INFO] ApiDb:447 - User favorites MCUs=[]
2024-05-12 08:24:45,193 [INFO] ApiDb:576 - Connected to CubeFinder SQLite database (C:\Users\DANIE\.stmcufinder\plugins\mcufinder\mcu\cube-finder-db.db)
2024-05-12 08:24:45,213 [INFO] ApiDb:663 - CubeFinder database Data Model version=2.1
2024-05-12 08:24:45,213 [INFO] ApiDb:664 - CubeFinder database Configuration version=3.0.32
2024-05-12 08:24:45,213 [INFO] ApiDb:665 - CubeFinder database generation date=2022-06-13 (1655129059)
2024-05-12 08:24:45,213 [INFO] ApiDb:666 - CubeFinder database FW Pack versions=[STM32Cube_FW_C0_V1.0.0, STM32Cube_FW_F4_V1.27.0, STM32Cube_FW_F7_V1.17.0, STM32Cube_FW_G0_V1.6.0, STM32Cube_FW_G4_V1.5.0, STM32Cube_FW_H7_V1.10.0, STM32Cube_FW_L5_V1.4.0, STM32Cube_FW_U5_V1.1.1, STM32Cube_FW_WB_V1.14.0, STM32Cube_FW_WL_V1.2.0, X-CUBE-ALGOBUILD_V1.3.0, X-CUBE-ALS_V1.0.1, X-CUBE-AZRTOS-F4_V1.0.0, X-CUBE-AZRTOS-F7_V1.0.0, X-CUBE-AZRTOS-G0_V1.0.0, X-CUBE-AZRTOS-G4_V1.0.0, X-CUBE-AZRTOS-H7_V2.1.0, X-CUBE-AZRTOS-L4_V1.0.0, X-CUBE-AZRTOS-L5_V1.0.0, X-CUBE-AZRTOS-WL_V1.0.0, X-CUBE-BLE1_V6.2.3, X-CUBE-BLE2_V3.3.0, X-CUBE-EEPRMA1_V3.1.1, X-CUBE-GNSS1_V6.0.0, X-CUBE-MEMS1_V9.1.0, X-CUBE-NFC4_V2.0.3, X-CUBE-NFC7_V1.0.0, X-CUBE-SFXS2LP1_V3.1.0, X-CUBE-SUBG2_V5.0.0]
2024-05-12 08:24:45,971 [INFO] ServerAccessManage:474 - Download File STMicroelectronics.X-CUBE-ISPU.pdsc
2024-05-12 08:24:46,785 [INFO] ApiDb:239 - Found 138 in-development CPN: [B-WB1M-WPAN1, NUCLEO-C031C6, STEVAL-STWINBX1, STM320518-EVAL, STM32C0116-DK, STM32C011D6Y3TR, STM32C011D6Y6TR, STM32C011F4P3, STM32C011F4P6, STM32C011F4U3, STM32C011F4U6TR, STM32C011F6P3, STM32C011F6P6, STM32C011F6U3, STM32C011F6U6TR, STM32C011J4M3, STM32C011J4M6, STM32C011J6M3, STM32C011J6M6, STM32C0316-DK, STM32C031C4T3, STM32C031C4T6, STM32C031C4U3, STM32C031C4U6, STM32C031C6T3, STM32C031C6T6, STM32C031C6U3, STM32C031C6U6, STM32C031F4P3, STM32C031F4P6, STM32C031F6P3, STM32C031F6P6, STM32C031G4U3, STM32C031G4U6, STM32C031G6U3, STM32C031G6U6, STM32C031K4T3, STM32C031K4T6, STM32C031K4U3, STM32C031K4U6, STM32C031K6T3, STM32C031K6T6, STM32C031K6U3, STM32C031K6U6, STM32G071K8TXN, STM32G071K8UXN, STM32G081GBU6N, STM32G081KBT6N, STM32G081KBUXN, STM32G0B1CCT6N, STM32G0B1KCT6, STM32G0B1NEY6TR, STM32G0B1RCT6N, STM32G0C1CCT6, STM32G0C1CCT6N, STM32G0C1CCU6N, STM32G0C1CET6N, STM32G0C1CEU6N, STM32G0C1KCT6, STM32G0C1NEY6TR, STM32G0C1RCI6N, STM32G0C1RCT6N, STM32G0C1REI6N, STM32G0C1RET6N, STM32G0C1VCI6, STM32G0C1VEI6, STM32G471CCT6, STM32G471CCU6, STM32G471CET3, STM32G471CET6, STM32G471CEU3, STM32G471CEU6, STM32G471MCT6, STM32G471MET3, STM32G471MET6, STM32G471MEY6TR, STM32G471QCT6, STM32G471QET3, STM32G471RCT6, STM32G471RET3, STM32G471RET6, STM32G471VCH6, STM32G471VCI6, STM32G471VCT6, STM32G471VEH3, STM32G471VEH6, STM32G471VEI3, STM32G471VEI6, STM32G471VET3, STM32G471VET6, STM32G474CCT6, STM32L476VGY6PTR, STM32L4R5QGI6STR, STM32MP131AAE3, STM32MP131AAF3, STM32MP131AAG3, STM32MP131CAE3, STM32MP131CAF3, STM32MP131CAG3, STM32MP131DAE7, STM32MP131DAF7, STM32MP131DAG7, STM32MP131FAE7, STM32MP131FAF7, STM32MP131FAG7, STM32MP133AAE3, STM32MP133AAF3, STM32MP133AAG3, STM32MP133CAE3, STM32MP133CAF3, STM32MP133CAG3, STM32MP133DAE7, STM32MP133DAF7, STM32MP133DAG7, STM32MP133FAE7, STM32MP133FAF7, STM32MP133FAG7, STM32MP135AAE3, STM32MP135AAF3, STM32MP135AAG3, STM32MP135CAE3, STM32MP135CAF3, STM32MP135CAG3, STM32MP135DAE7, STM32MP135DAF7, STM32MP135DAG7, STM32MP135F-DK, STM32MP135FAE7, STM32MP135FAF7, STM32MP135FAG7, STM32U595ZJT6Q, STM32U599BJY6QTR, STM32U599NIH6Q, STM32U599NJH6Q, STM32U5A5ZJT6Q, STM32U5A9BJY6QTR, STM32U5A9NJH6Q, STM32WB1MMCH6]
2024-05-12 08:24:46,788 [INFO] DbMcus:215 - Found 3542 MCUs, 3542 are supported
2024-05-12 08:24:46,788 [INFO] ApiDb:418 - Load user favorites file C:\Users\DANIE/.stm32cubeide/favorites.mcus.txt: 0 item(s)
2024-05-12 08:24:46,789 [INFO] ApiDb:422 - User favorites MCUs=[]
2024-05-12 08:24:46,789 [INFO] DbMcus:221 - Set 0 / 0 favorites MCUs
2024-05-12 08:24:47,276 [ERROR] MultiScanPanel:793 - Unable to refresh data
2024-05-12 08:24:47,281 [INFO] ApiDb:663 - CubeFinder database Data Model version=2.1
2024-05-12 08:24:47,282 [INFO] ApiDb:664 - CubeFinder database Configuration version=3.0.32
2024-05-12 08:24:47,282 [INFO] ApiDb:665 - CubeFinder database generation date=2022-06-13 (1655129059)
2024-05-12 08:24:47,282 [INFO] ApiDb:666 - CubeFinder database FW Pack versions=[STM32Cube_FW_C0_V1.0.0, STM32Cube_FW_F4_V1.27.0, STM32Cube_FW_F7_V1.17.0, STM32Cube_FW_G0_V1.6.0, STM32Cube_FW_G4_V1.5.0, STM32Cube_FW_H7_V1.10.0, STM32Cube_FW_L5_V1.4.0, STM32Cube_FW_U5_V1.1.1, STM32Cube_FW_WB_V1.14.0, STM32Cube_FW_WL_V1.2.0, X-CUBE-ALGOBUILD_V1.3.0, X-CUBE-ALS_V1.0.1, X-CUBE-AZRTOS-F4_V1.0.0, X-CUBE-AZRTOS-F7_V1.0.0, X-CUBE-AZRTOS-G0_V1.0.0, X-CUBE-AZRTOS-G4_V1.0.0, X-CUBE-AZRTOS-H7_V2.1.0, X-CUBE-AZRTOS-L4_V1.0.0, X-CUBE-AZRTOS-L5_V1.0.0, X-CUBE-AZRTOS-WL_V1.0.0, X-CUBE-BLE1_V6.2.3, X-CUBE-BLE2_V3.3.0, X-CUBE-EEPRMA1_V3.1.1, X-CUBE-GNSS1_V6.0.0, X-CUBE-MEMS1_V9.1.0, X-CUBE-NFC4_V2.0.3, X-CUBE-NFC7_V1.0.0, X-CUBE-SFXS2LP1_V3.1.0, X-CUBE-SUBG2_V5.0.0]
2024-05-12 08:24:47,326 [INFO] DbBoardsSqlite:227 - include board P-NUCLEO-WB55-NUCLEO as a kit item of type 'Nucleo-64'
2024-05-12 08:24:47,326 [INFO] DbBoardsSqlite:227 - include board P-NUCLEO-WB55-USBDONGLE as a kit item of type 'Nucleo USB Dongle'
2024-05-12 08:24:47,327 [INFO] DbBoardsSqlite:227 - include board STEVAL-IDP005V1 as a kit item of type 'Evaluation Board'
2024-05-12 08:24:47,327 [INFO] DbBoardsSqlite:227 - include board STEVAL-IDP005V2 as a kit item of type 'Evaluation Board'
2024-05-12 08:24:47,334 [INFO] ApiDb:239 - Found 138 in-development CPN: [B-WB1M-WPAN1, NUCLEO-C031C6, STEVAL-STWINBX1, STM320518-EVAL, STM32C0116-DK, STM32C011D6Y3TR, STM32C011D6Y6TR, STM32C011F4P3, STM32C011F4P6, STM32C011F4U3, STM32C011F4U6TR, STM32C011F6P3, STM32C011F6P6, STM32C011F6U3, STM32C011F6U6TR, STM32C011J4M3, STM32C011J4M6, STM32C011J6M3, STM32C011J6M6, STM32C0316-DK, STM32C031C4T3, STM32C031C4T6, STM32C031C4U3, STM32C031C4U6, STM32C031C6T3, STM32C031C6T6, STM32C031C6U3, STM32C031C6U6, STM32C031F4P3, STM32C031F4P6, STM32C031F6P3, STM32C031F6P6, STM32C031G4U3, STM32C031G4U6, STM32C031G6U3, STM32C031G6U6, STM32C031K4T3, STM32C031K4T6, STM32C031K4U3, STM32C031K4U6, STM32C031K6T3, STM32C031K6T6, STM32C031K6U3, STM32C031K6U6, STM32G071K8TXN, STM32G071K8UXN, STM32G081GBU6N, STM32G081KBT6N, STM32G081KBUXN, STM32G0B1CCT6N, STM32G0B1KCT6, STM32G0B1NEY6TR, STM32G0B1RCT6N, STM32G0C1CCT6, STM32G0C1CCT6N, STM32G0C1CCU6N, STM32G0C1CET6N, STM32G0C1CEU6N, STM32G0C1KCT6, STM32G0C1NEY6TR, STM32G0C1RCI6N, STM32G0C1RCT6N, STM32G0C1REI6N, STM32G0C1RET6N, STM32G0C1VCI6, STM32G0C1VEI6, STM32G471CCT6, STM32G471CCU6, STM32G471CET3, STM32G471CET6, STM32G471CEU3, STM32G471CEU6, STM32G471MCT6, STM32G471MET3, STM32G471MET6, STM32G471MEY6TR, STM32G471QCT6, STM32G471QET3, STM32G471RCT6, STM32G471RET3, STM32G471RET6, STM32G471VCH6, STM32G471VCI6, STM32G471VCT6, STM32G471VEH3, STM32G471VEH6, STM32G471VEI3, STM32G471VEI6, STM32G471VET3, STM32G471VET6, STM32G474CCT6, STM32L476VGY6PTR, STM32L4R5QGI6STR, STM32MP131AAE3, STM32MP131AAF3, STM32MP131AAG3, STM32MP131CAE3, STM32MP131CAF3, STM32MP131CAG3, STM32MP131DAE7, STM32MP131DAF7, STM32MP131DAG7, STM32MP131FAE7, STM32MP131FAF7, STM32MP131FAG7, STM32MP133AAE3, STM32MP133AAF3, STM32MP133AAG3, STM32MP133CAE3, STM32MP133CAF3, STM32MP133CAG3, STM32MP133DAE7, STM32MP133DAF7, STM32MP133DAG7, STM32MP133FAE7, STM32MP133FAF7, STM32MP133FAG7, STM32MP135AAE3, STM32MP135AAF3, STM32MP135AAG3, STM32MP135CAE3, STM32MP135CAF3, STM32MP135CAG3, STM32MP135DAE7, STM32MP135DAF7, STM32MP135DAG7, STM32MP135F-DK, STM32MP135FAE7, STM32MP135FAF7, STM32MP135FAG7, STM32U595ZJT6Q, STM32U599BJY6QTR, STM32U599NIH6Q, STM32U599NJH6Q, STM32U5A5ZJT6Q, STM32U5A9BJY6QTR, STM32U5A9NJH6Q, STM32WB1MMCH6]
2024-05-12 08:24:47,414 [INFO] BoardInfo:879 - No configuration file found for board P-NUCLEO-WB55
2024-05-12 08:24:47,415 [INFO] DbBoards:156 - Kit is not supported: P-NUCLEO-WB55
2024-05-12 08:24:47,417 [INFO] BoardInfo:879 - No configuration file found for board STEVAL-BFA001V1B
2024-05-12 08:24:47,418 [INFO] DbBoards:156 - Kit is not supported: STEVAL-BFA001V1B
2024-05-12 08:24:47,418 [INFO] BoardInfo:879 - No configuration file found for board STEVAL-BFA001V2B
2024-05-12 08:24:47,418 [INFO] DbBoards:156 - Kit is not supported: STEVAL-BFA001V2B
2024-05-12 08:24:47,518 [INFO] DbBoards:160 - Found 176 boards, 173 are supported
2024-05-12 08:24:47,524 [INFO] ApiDb:409 - User favorites file not found: C:\Users\DANIE/.stm32cubeide/favorites.boards.txt
2024-05-12 08:24:47,524 [INFO] DbBoards:189 - Set 0 / 0 favorites Boards
2024-05-12 08:24:48,537 [INFO] McuFinderGlobals:57 - Set McuFinderConnectedMode to true
2024-05-12 08:24:48,538 [INFO] MultiScanPanel:195 - Auto-refresh data requested => check proxy status ongoing
2024-05-12 08:24:48,538 [INFO] FinderPluginLoader:92 - Searching for filters in installed packs
2024-05-12 08:24:49,128 [INFO] ServerAccessManage:474 - Download File STMicroelectronics.X-CUBE-MEMS1.pdsc
2024-05-12 08:24:49,209 [ERROR] WebUtils:385 - Updater is busy
2024-05-12 08:24:49,209 [WARN] DetailPanel:344 - Failed to get advertising image, set to default
2024-05-12 08:24:49,642 [INFO] MultiScanPanel:778 - Auto Refresh Data is needed due to updater interval setting
2024-05-12 08:24:49,642 [ERROR] WebUtils:644 - Updater is busy
2024-05-12 08:24:52,564 [INFO] DbMcusAds:52 - JSON generation date=Thu Sep 30 01:55:09 COT 2021 (1632984909247)
2024-05-12 08:24:52,566 [INFO] ApiDb:443 - Save user favorites file C:\Users\DANIE/.stm32cubeide/favorites.mcus.txt: 0 item(s)
2024-05-12 08:24:52,566 [INFO] ApiDb:447 - User favorites MCUs=[]
2024-05-12 08:24:52,568 [INFO] ApiDb:576 - Connected to CubeFinder SQLite database (C:\Users\DANIE\.stmcufinder\plugins\mcufinder\mcu\cube-finder-db.db)
2024-05-12 08:24:52,588 [INFO] ApiDb:663 - CubeFinder database Data Model version=2.1
2024-05-12 08:24:52,588 [INFO] ApiDb:664 - CubeFinder database Configuration version=3.0.32
2024-05-12 08:24:52,589 [INFO] ApiDb:665 - CubeFinder database generation date=2022-06-13 (1655129059)
2024-05-12 08:24:52,589 [INFO] ApiDb:666 - CubeFinder database FW Pack versions=[STM32Cube_FW_C0_V1.0.0, STM32Cube_FW_F4_V1.27.0, STM32Cube_FW_F7_V1.17.0, STM32Cube_FW_G0_V1.6.0, STM32Cube_FW_G4_V1.5.0, STM32Cube_FW_H7_V1.10.0, STM32Cube_FW_L5_V1.4.0, STM32Cube_FW_U5_V1.1.1, STM32Cube_FW_WB_V1.14.0, STM32Cube_FW_WL_V1.2.0, X-CUBE-ALGOBUILD_V1.3.0, X-CUBE-ALS_V1.0.1, X-CUBE-AZRTOS-F4_V1.0.0, X-CUBE-AZRTOS-F7_V1.0.0, X-CUBE-AZRTOS-G0_V1.0.0, X-CUBE-AZRTOS-G4_V1.0.0, X-CUBE-AZRTOS-H7_V2.1.0, X-CUBE-AZRTOS-L4_V1.0.0, X-CUBE-AZRTOS-L5_V1.0.0, X-CUBE-AZRTOS-WL_V1.0.0, X-CUBE-BLE1_V6.2.3, X-CUBE-BLE2_V3.3.0, X-CUBE-EEPRMA1_V3.1.1, X-CUBE-GNSS1_V6.0.0, X-CUBE-MEMS1_V9.1.0, X-CUBE-NFC4_V2.0.3, X-CUBE-NFC7_V1.0.0, X-CUBE-SFXS2LP1_V3.1.0, X-CUBE-SUBG2_V5.0.0]
2024-05-12 08:24:54,224 [INFO] ApiDb:239 - Found 138 in-development CPN: [B-WB1M-WPAN1, NUCLEO-C031C6, STEVAL-STWINBX1, STM320518-EVAL, STM32C0116-DK, STM32C011D6Y3TR, STM32C011D6Y6TR, STM32C011F4P3, STM32C011F4P6, STM32C011F4U3, STM32C011F4U6TR, STM32C011F6P3, STM32C011F6P6, STM32C011F6U3, STM32C011F6U6TR, STM32C011J4M3, STM32C011J4M6, STM32C011J6M3, STM32C011J6M6, STM32C0316-DK, STM32C031C4T3, STM32C031C4T6, STM32C031C4U3, STM32C031C4U6, STM32C031C6T3, STM32C031C6T6, STM32C031C6U3, STM32C031C6U6, STM32C031F4P3, STM32C031F4P6, STM32C031F6P3, STM32C031F6P6, STM32C031G4U3, STM32C031G4U6, STM32C031G6U3, STM32C031G6U6, STM32C031K4T3, STM32C031K4T6, STM32C031K4U3, STM32C031K4U6, STM32C031K6T3, STM32C031K6T6, STM32C031K6U3, STM32C031K6U6, STM32G071K8TXN, STM32G071K8UXN, STM32G081GBU6N, STM32G081KBT6N, STM32G081KBUXN, STM32G0B1CCT6N, STM32G0B1KCT6, STM32G0B1NEY6TR, STM32G0B1RCT6N, STM32G0C1CCT6, STM32G0C1CCT6N, STM32G0C1CCU6N, STM32G0C1CET6N, STM32G0C1CEU6N, STM32G0C1KCT6, STM32G0C1NEY6TR, STM32G0C1RCI6N, STM32G0C1RCT6N, STM32G0C1REI6N, STM32G0C1RET6N, STM32G0C1VCI6, STM32G0C1VEI6, STM32G471CCT6, STM32G471CCU6, STM32G471CET3, STM32G471CET6, STM32G471CEU3, STM32G471CEU6, STM32G471MCT6, STM32G471MET3, STM32G471MET6, STM32G471MEY6TR, STM32G471QCT6, STM32G471QET3, STM32G471RCT6, STM32G471RET3, STM32G471RET6, STM32G471VCH6, STM32G471VCI6, STM32G471VCT6, STM32G471VEH3, STM32G471VEH6, STM32G471VEI3, STM32G471VEI6, STM32G471VET3, STM32G471VET6, STM32G474CCT6, STM32L476VGY6PTR, STM32L4R5QGI6STR, STM32MP131AAE3, STM32MP131AAF3, STM32MP131AAG3, STM32MP131CAE3, STM32MP131CAF3, STM32MP131CAG3, STM32MP131DAE7, STM32MP131DAF7, STM32MP131DAG7, STM32MP131FAE7, STM32MP131FAF7, STM32MP131FAG7, STM32MP133AAE3, STM32MP133AAF3, STM32MP133AAG3, STM32MP133CAE3, STM32MP133CAF3, STM32MP133CAG3, STM32MP133DAE7, STM32MP133DAF7, STM32MP133DAG7, STM32MP133FAE7, STM32MP133FAF7, STM32MP133FAG7, STM32MP135AAE3, STM32MP135AAF3, STM32MP135AAG3, STM32MP135CAE3, STM32MP135CAF3, STM32MP135CAG3, STM32MP135DAE7, STM32MP135DAF7, STM32MP135DAG7, STM32MP135F-DK, STM32MP135FAE7, STM32MP135FAF7, STM32MP135FAG7, STM32U595ZJT6Q, STM32U599BJY6QTR, STM32U599NIH6Q, STM32U599NJH6Q, STM32U5A5ZJT6Q, STM32U5A9BJY6QTR, STM32U5A9NJH6Q, STM32WB1MMCH6]
2024-05-12 08:24:54,225 [INFO] DbMcus:215 - Found 3542 MCUs, 3542 are supported
2024-05-12 08:24:54,226 [INFO] ApiDb:418 - Load user favorites file C:\Users\DANIE/.stm32cubeide/favorites.mcus.txt: 0 item(s)
2024-05-12 08:24:54,226 [INFO] ApiDb:422 - User favorites MCUs=[]
2024-05-12 08:24:54,226 [INFO] DbMcus:221 - Set 0 / 0 favorites MCUs
2024-05-12 08:24:54,467 [INFO] ApiDb:443 - Save user favorites file C:\Users\DANIE/.stm32cubeide/favorites.boards.txt: 0 item(s)
2024-05-12 08:24:54,467 [INFO] ApiDb:447 - User favorites Boards=[]
2024-05-12 08:24:54,469 [INFO] ApiDb:576 - Connected to CubeFinder SQLite database (C:\Users\DANIE\.stmcufinder\plugins\mcufinder\mcu\cube-finder-db.db)
2024-05-12 08:24:54,490 [INFO] ApiDb:663 - CubeFinder database Data Model version=2.1
2024-05-12 08:24:54,491 [INFO] ApiDb:664 - CubeFinder database Configuration version=3.0.32
2024-05-12 08:24:54,491 [INFO] ApiDb:665 - CubeFinder database generation date=2022-06-13 (1655129059)
2024-05-12 08:24:54,491 [INFO] ApiDb:666 - CubeFinder database FW Pack versions=[STM32Cube_FW_C0_V1.0.0, STM32Cube_FW_F4_V1.27.0, STM32Cube_FW_F7_V1.17.0, STM32Cube_FW_G0_V1.6.0, STM32Cube_FW_G4_V1.5.0, STM32Cube_FW_H7_V1.10.0, STM32Cube_FW_L5_V1.4.0, STM32Cube_FW_U5_V1.1.1, STM32Cube_FW_WB_V1.14.0, STM32Cube_FW_WL_V1.2.0, X-CUBE-ALGOBUILD_V1.3.0, X-CUBE-ALS_V1.0.1, X-CUBE-AZRTOS-F4_V1.0.0, X-CUBE-AZRTOS-F7_V1.0.0, X-CUBE-AZRTOS-G0_V1.0.0, X-CUBE-AZRTOS-G4_V1.0.0, X-CUBE-AZRTOS-H7_V2.1.0, X-CUBE-AZRTOS-L4_V1.0.0, X-CUBE-AZRTOS-L5_V1.0.0, X-CUBE-AZRTOS-WL_V1.0.0, X-CUBE-BLE1_V6.2.3, X-CUBE-BLE2_V3.3.0, X-CUBE-EEPRMA1_V3.1.1, X-CUBE-GNSS1_V6.0.0, X-CUBE-MEMS1_V9.1.0, X-CUBE-NFC4_V2.0.3, X-CUBE-NFC7_V1.0.0, X-CUBE-SFXS2LP1_V3.1.0, X-CUBE-SUBG2_V5.0.0]
2024-05-12 08:24:54,545 [INFO] DbBoardsSqlite:227 - include board P-NUCLEO-WB55-NUCLEO as a kit item of type 'Nucleo-64'
2024-05-12 08:24:54,545 [INFO] DbBoardsSqlite:227 - include board P-NUCLEO-WB55-USBDONGLE as a kit item of type 'Nucleo USB Dongle'
2024-05-12 08:24:54,545 [INFO] DbBoardsSqlite:227 - include board STEVAL-IDP005V1 as a kit item of type 'Evaluation Board'
2024-05-12 08:24:54,545 [INFO] DbBoardsSqlite:227 - include board STEVAL-IDP005V2 as a kit item of type 'Evaluation Board'
2024-05-12 08:24:54,552 [INFO] ApiDb:239 - Found 138 in-development CPN: [B-WB1M-WPAN1, NUCLEO-C031C6, STEVAL-STWINBX1, STM320518-EVAL, STM32C0116-DK, STM32C011D6Y3TR, STM32C011D6Y6TR, STM32C011F4P3, STM32C011F4P6, STM32C011F4U3, STM32C011F4U6TR, STM32C011F6P3, STM32C011F6P6, STM32C011F6U3, STM32C011F6U6TR, STM32C011J4M3, STM32C011J4M6, STM32C011J6M3, STM32C011J6M6, STM32C0316-DK, STM32C031C4T3, STM32C031C4T6, STM32C031C4U3, STM32C031C4U6, STM32C031C6T3, STM32C031C6T6, STM32C031C6U3, STM32C031C6U6, STM32C031F4P3, STM32C031F4P6, STM32C031F6P3, STM32C031F6P6, STM32C031G4U3, STM32C031G4U6, STM32C031G6U3, STM32C031G6U6, STM32C031K4T3, STM32C031K4T6, STM32C031K4U3, STM32C031K4U6, STM32C031K6T3, STM32C031K6T6, STM32C031K6U3, STM32C031K6U6, STM32G071K8TXN, STM32G071K8UXN, STM32G081GBU6N, STM32G081KBT6N, STM32G081KBUXN, STM32G0B1CCT6N, STM32G0B1KCT6, STM32G0B1NEY6TR, STM32G0B1RCT6N, STM32G0C1CCT6, STM32G0C1CCT6N, STM32G0C1CCU6N, STM32G0C1CET6N, STM32G0C1CEU6N, STM32G0C1KCT6, STM32G0C1NEY6TR, STM32G0C1RCI6N, STM32G0C1RCT6N, STM32G0C1REI6N, STM32G0C1RET6N, STM32G0C1VCI6, STM32G0C1VEI6, STM32G471CCT6, STM32G471CCU6, STM32G471CET3, STM32G471CET6, STM32G471CEU3, STM32G471CEU6, STM32G471MCT6, STM32G471MET3, STM32G471MET6, STM32G471MEY6TR, STM32G471QCT6, STM32G471QET3, STM32G471RCT6, STM32G471RET3, STM32G471RET6, STM32G471VCH6, STM32G471VCI6, STM32G471VCT6, STM32G471VEH3, STM32G471VEH6, STM32G471VEI3, STM32G471VEI6, STM32G471VET3, STM32G471VET6, STM32G474CCT6, STM32L476VGY6PTR, STM32L4R5QGI6STR, STM32MP131AAE3, STM32MP131AAF3, STM32MP131AAG3, STM32MP131CAE3, STM32MP131CAF3, STM32MP131CAG3, STM32MP131DAE7, STM32MP131DAF7, STM32MP131DAG7, STM32MP131FAE7, STM32MP131FAF7, STM32MP131FAG7, STM32MP133AAE3, STM32MP133AAF3, STM32MP133AAG3, STM32MP133CAE3, STM32MP133CAF3, STM32MP133CAG3, STM32MP133DAE7, STM32MP133DAF7, STM32MP133DAG7, STM32MP133FAE7, STM32MP133FAF7, STM32MP133FAG7, STM32MP135AAE3, STM32MP135AAF3, STM32MP135AAG3, STM32MP135CAE3, STM32MP135CAF3, STM32MP135CAG3, STM32MP135DAE7, STM32MP135DAF7, STM32MP135DAG7, STM32MP135F-DK, STM32MP135FAE7, STM32MP135FAF7, STM32MP135FAG7, STM32U595ZJT6Q, STM32U599BJY6QTR, STM32U599NIH6Q, STM32U599NJH6Q, STM32U5A5ZJT6Q, STM32U5A9BJY6QTR, STM32U5A9NJH6Q, STM32WB1MMCH6]
2024-05-12 08:24:54,624 [INFO] BoardInfo:879 - No configuration file found for board P-NUCLEO-WB55
2024-05-12 08:24:54,624 [INFO] DbBoards:156 - Kit is not supported: P-NUCLEO-WB55
2024-05-12 08:24:54,627 [INFO] BoardInfo:879 - No configuration file found for board STEVAL-BFA001V1B
2024-05-12 08:24:54,627 [INFO] DbBoards:156 - Kit is not supported: STEVAL-BFA001V1B
2024-05-12 08:24:54,628 [INFO] BoardInfo:879 - No configuration file found for board STEVAL-BFA001V2B
2024-05-12 08:24:54,628 [INFO] DbBoards:156 - Kit is not supported: STEVAL-BFA001V2B
2024-05-12 08:24:54,705 [INFO] DbBoards:160 - Found 176 boards, 173 are supported
2024-05-12 08:24:54,709 [INFO] ApiDb:418 - Load user favorites file C:\Users\DANIE/.stm32cubeide/favorites.boards.txt: 0 item(s)
2024-05-12 08:24:54,709 [INFO] ApiDb:422 - User favorites Boards=[]
2024-05-12 08:24:54,709 [INFO] DbBoards:189 - Set 0 / 0 favorites Boards
2024-05-12 08:24:54,949 [ERROR] MultiScanPanel:793 - Unable to refresh data
2024-05-12 08:24:58,161 [INFO] MultiScanPanel:195 - Auto-refresh data requested => check proxy status ongoing
2024-05-12 08:24:58,257 [ERROR] WebUtils:385 - Updater is busy
2024-05-12 08:24:58,257 [WARN] DetailPanel:344 - Failed to get advertising image, set to default
2024-05-12 08:24:58,267 [INFO] DbBoards:628 - Loading board mini-images...
2024-05-12 08:24:58,416 [ERROR] DbBoards:648 - No image file defined for board B-WB1M-WPAN1
2024-05-12 08:24:58,416 [ERROR] DbBoards:648 - No image file defined for board NUCLEO-C031C6
2024-05-12 08:24:59,281 [ERROR] DbBoards:648 - No image file defined for board STEVAL-STWINBX1
2024-05-12 08:24:59,322 [ERROR] DbBoards:648 - No image file defined for board STM32091C-EVAL
2024-05-12 08:24:59,322 [ERROR] DbBoards:648 - No image file defined for board STM32100E-EVAL
2024-05-12 08:24:59,322 [ERROR] DbBoards:648 - No image file defined for board STM3210C-EVAL
2024-05-12 08:24:59,332 [ERROR] DbBoards:648 - No image file defined for board STM3221G-EVAL
2024-05-12 08:24:59,332 [ERROR] DbBoards:648 - No image file defined for board STM32303C-EVAL
2024-05-12 08:24:59,393 [ERROR] DbBoards:648 - No image file defined for board STM32479I-EVAL
2024-05-12 08:24:59,394 [ERROR] DbBoards:648 - No image file defined for board STM32746G-EVAL2
2024-05-12 08:24:59,399 [ERROR] DbBoards:648 - No image file defined for board STM32C0116-DK
2024-05-12 08:24:59,399 [ERROR] DbBoards:648 - No image file defined for board STM32C0316-DK
2024-05-12 08:24:59,435 [ERROR] DbBoards:648 - No image file defined for board STM32F401C-DISCO
2024-05-12 08:24:59,483 [ERROR] DbBoards:648 - No image file defined for board STM32F7308-DK
2024-05-12 08:24:59,513 [ERROR] DbBoards:648 - No image file defined for board STM32F779I-EVAL
2024-05-12 08:24:59,627 [ERROR] DbBoards:648 - No image file defined for board STM32H747I-EVAL
2024-05-12 08:24:59,658 [ERROR] DbBoards:648 - No image file defined for board STM32L-DISCOVERY
2024-05-12 08:24:59,683 [ERROR] DbBoards:648 - No image file defined for board STM32L152D-EVAL
2024-05-12 08:24:59,801 [ERROR] DbBoards:648 - No image file defined for board STM32MP135F-DK
2024-05-12 08:24:59,950 [INFO] DbBoards:651 - Loaded 157 board mini-images
2024-05-12 08:24:59,974 [INFO] MultiScanPanel:778 - Auto Refresh Data is needed due to updater interval setting
2024-05-12 08:24:59,974 [ERROR] WebUtils:644 - Updater is busy
2024-05-12 08:25:01,864 [INFO] DbMcusAds:52 - JSON generation date=Thu Sep 30 01:55:09 COT 2021 (1632984909247)
2024-05-12 08:25:01,866 [INFO] ApiDb:443 - Save user favorites file C:\Users\DANIE/.stm32cubeide/favorites.mcus.txt: 0 item(s)
2024-05-12 08:25:01,866 [INFO] ApiDb:447 - User favorites MCUs=[]
2024-05-12 08:25:01,868 [INFO] ApiDb:576 - Connected to CubeFinder SQLite database (C:\Users\DANIE\.stmcufinder\plugins\mcufinder\mcu\cube-finder-db.db)
2024-05-12 08:25:01,888 [INFO] ApiDb:663 - CubeFinder database Data Model version=2.1
2024-05-12 08:25:01,888 [INFO] ApiDb:664 - CubeFinder database Configuration version=3.0.32
2024-05-12 08:25:01,888 [INFO] ApiDb:665 - CubeFinder database generation date=2022-06-13 (1655129059)
2024-05-12 08:25:01,888 [INFO] ApiDb:666 - CubeFinder database FW Pack versions=[STM32Cube_FW_C0_V1.0.0, STM32Cube_FW_F4_V1.27.0, STM32Cube_FW_F7_V1.17.0, STM32Cube_FW_G0_V1.6.0, STM32Cube_FW_G4_V1.5.0, STM32Cube_FW_H7_V1.10.0, STM32Cube_FW_L5_V1.4.0, STM32Cube_FW_U5_V1.1.1, STM32Cube_FW_WB_V1.14.0, STM32Cube_FW_WL_V1.2.0, X-CUBE-ALGOBUILD_V1.3.0, X-CUBE-ALS_V1.0.1, X-CUBE-AZRTOS-F4_V1.0.0, X-CUBE-AZRTOS-F7_V1.0.0, X-CUBE-AZRTOS-G0_V1.0.0, X-CUBE-AZRTOS-G4_V1.0.0, X-CUBE-AZRTOS-H7_V2.1.0, X-CUBE-AZRTOS-L4_V1.0.0, X-CUBE-AZRTOS-L5_V1.0.0, X-CUBE-AZRTOS-WL_V1.0.0, X-CUBE-BLE1_V6.2.3, X-CUBE-BLE2_V3.3.0, X-CUBE-EEPRMA1_V3.1.1, X-CUBE-GNSS1_V6.0.0, X-CUBE-MEMS1_V9.1.0, X-CUBE-NFC4_V2.0.3, X-CUBE-NFC7_V1.0.0, X-CUBE-SFXS2LP1_V3.1.0, X-CUBE-SUBG2_V5.0.0]
2024-05-12 08:25:03,586 [INFO] ApiDb:239 - Found 138 in-development CPN: [B-WB1M-WPAN1, NUCLEO-C031C6, STEVAL-STWINBX1, STM320518-EVAL, STM32C0116-DK, STM32C011D6Y3TR, STM32C011D6Y6TR, STM32C011F4P3, STM32C011F4P6, STM32C011F4U3, STM32C011F4U6TR, STM32C011F6P3, STM32C011F6P6, STM32C011F6U3, STM32C011F6U6TR, STM32C011J4M3, STM32C011J4M6, STM32C011J6M3, STM32C011J6M6, STM32C0316-DK, STM32C031C4T3, STM32C031C4T6, STM32C031C4U3, STM32C031C4U6, STM32C031C6T3, STM32C031C6T6, STM32C031C6U3, STM32C031C6U6, STM32C031F4P3, STM32C031F4P6, STM32C031F6P3, STM32C031F6P6, STM32C031G4U3, STM32C031G4U6, STM32C031G6U3, STM32C031G6U6, STM32C031K4T3, STM32C031K4T6, STM32C031K4U3, STM32C031K4U6, STM32C031K6T3, STM32C031K6T6, STM32C031K6U3, STM32C031K6U6, STM32G071K8TXN, STM32G071K8UXN, STM32G081GBU6N, STM32G081KBT6N, STM32G081KBUXN, STM32G0B1CCT6N, STM32G0B1KCT6, STM32G0B1NEY6TR, STM32G0B1RCT6N, STM32G0C1CCT6, STM32G0C1CCT6N, STM32G0C1CCU6N, STM32G0C1CET6N, STM32G0C1CEU6N, STM32G0C1KCT6, STM32G0C1NEY6TR, STM32G0C1RCI6N, STM32G0C1RCT6N, STM32G0C1REI6N, STM32G0C1RET6N, STM32G0C1VCI6, STM32G0C1VEI6, STM32G471CCT6, STM32G471CCU6, STM32G471CET3, STM32G471CET6, STM32G471CEU3, STM32G471CEU6, STM32G471MCT6, STM32G471MET3, STM32G471MET6, STM32G471MEY6TR, STM32G471QCT6, STM32G471QET3, STM32G471RCT6, STM32G471RET3, STM32G471RET6, STM32G471VCH6, STM32G471VCI6, STM32G471VCT6, STM32G471VEH3, STM32G471VEH6, STM32G471VEI3, STM32G471VEI6, STM32G471VET3, STM32G471VET6, STM32G474CCT6, STM32L476VGY6PTR, STM32L4R5QGI6STR, STM32MP131AAE3, STM32MP131AAF3, STM32MP131AAG3, STM32MP131CAE3, STM32MP131CAF3, STM32MP131CAG3, STM32MP131DAE7, STM32MP131DAF7, STM32MP131DAG7, STM32MP131FAE7, STM32MP131FAF7, STM32MP131FAG7, STM32MP133AAE3, STM32MP133AAF3, STM32MP133AAG3, STM32MP133CAE3, STM32MP133CAF3, STM32MP133CAG3, STM32MP133DAE7, STM32MP133DAF7, STM32MP133DAG7, STM32MP133FAE7, STM32MP133FAF7, STM32MP133FAG7, STM32MP135AAE3, STM32MP135AAF3, STM32MP135AAG3, STM32MP135CAE3, STM32MP135CAF3, STM32MP135CAG3, STM32MP135DAE7, STM32MP135DAF7, STM32MP135DAG7, STM32MP135F-DK, STM32MP135FAE7, STM32MP135FAF7, STM32MP135FAG7, STM32U595ZJT6Q, STM32U599BJY6QTR, STM32U599NIH6Q, STM32U599NJH6Q, STM32U5A5ZJT6Q, STM32U5A9BJY6QTR, STM32U5A9NJH6Q, STM32WB1MMCH6]
2024-05-12 08:25:03,587 [INFO] DbMcus:215 - Found 3542 MCUs, 3542 are supported
2024-05-12 08:25:03,587 [INFO] ApiDb:418 - Load user favorites file C:\Users\DANIE/.stm32cubeide/favorites.mcus.txt: 0 item(s)
2024-05-12 08:25:03,588 [INFO] ApiDb:422 - User favorites MCUs=[]
2024-05-12 08:25:03,588 [INFO] DbMcus:221 - Set 0 / 0 favorites MCUs
2024-05-12 08:25:03,792 [INFO] ApiDb:443 - Save user favorites file C:\Users\DANIE/.stm32cubeide/favorites.boards.txt: 0 item(s)
2024-05-12 08:25:03,793 [INFO] ApiDb:447 - User favorites Boards=[]
2024-05-12 08:25:03,794 [INFO] ApiDb:576 - Connected to CubeFinder SQLite database (C:\Users\DANIE\.stmcufinder\plugins\mcufinder\mcu\cube-finder-db.db)
2024-05-12 08:25:03,813 [INFO] ApiDb:663 - CubeFinder database Data Model version=2.1
2024-05-12 08:25:03,813 [INFO] ApiDb:664 - CubeFinder database Configuration version=3.0.32
2024-05-12 08:25:03,813 [INFO] ApiDb:665 - CubeFinder database generation date=2022-06-13 (1655129059)
2024-05-12 08:25:03,813 [INFO] ApiDb:666 - CubeFinder database FW Pack versions=[STM32Cube_FW_C0_V1.0.0, STM32Cube_FW_F4_V1.27.0, STM32Cube_FW_F7_V1.17.0, STM32Cube_FW_G0_V1.6.0, STM32Cube_FW_G4_V1.5.0, STM32Cube_FW_H7_V1.10.0, STM32Cube_FW_L5_V1.4.0, STM32Cube_FW_U5_V1.1.1, STM32Cube_FW_WB_V1.14.0, STM32Cube_FW_WL_V1.2.0, X-CUBE-ALGOBUILD_V1.3.0, X-CUBE-ALS_V1.0.1, X-CUBE-AZRTOS-F4_V1.0.0, X-CUBE-AZRTOS-F7_V1.0.0, X-CUBE-AZRTOS-G0_V1.0.0, X-CUBE-AZRTOS-G4_V1.0.0, X-CUBE-AZRTOS-H7_V2.1.0, X-CUBE-AZRTOS-L4_V1.0.0, X-CUBE-AZRTOS-L5_V1.0.0, X-CUBE-AZRTOS-WL_V1.0.0, X-CUBE-BLE1_V6.2.3, X-CUBE-BLE2_V3.3.0, X-CUBE-EEPRMA1_V3.1.1, X-CUBE-GNSS1_V6.0.0, X-CUBE-MEMS1_V9.1.0, X-CUBE-NFC4_V2.0.3, X-CUBE-NFC7_V1.0.0, X-CUBE-SFXS2LP1_V3.1.0, X-CUBE-SUBG2_V5.0.0]
2024-05-12 08:25:03,857 [INFO] DbBoardsSqlite:227 - include board P-NUCLEO-WB55-NUCLEO as a kit item of type 'Nucleo-64'
2024-05-12 08:25:03,857 [INFO] DbBoardsSqlite:227 - include board P-NUCLEO-WB55-USBDONGLE as a kit item of type 'Nucleo USB Dongle'
2024-05-12 08:25:03,858 [INFO] DbBoardsSqlite:227 - include board STEVAL-IDP005V1 as a kit item of type 'Evaluation Board'
2024-05-12 08:25:03,858 [INFO] DbBoardsSqlite:227 - include board STEVAL-IDP005V2 as a kit item of type 'Evaluation Board'
2024-05-12 08:25:03,864 [INFO] ApiDb:239 - Found 138 in-development CPN: [B-WB1M-WPAN1, NUCLEO-C031C6, STEVAL-STWINBX1, STM320518-EVAL, STM32C0116-DK, STM32C011D6Y3TR, STM32C011D6Y6TR, STM32C011F4P3, STM32C011F4P6, STM32C011F4U3, STM32C011F4U6TR, STM32C011F6P3, STM32C011F6P6, STM32C011F6U3, STM32C011F6U6TR, STM32C011J4M3, STM32C011J4M6, STM32C011J6M3, STM32C011J6M6, STM32C0316-DK, STM32C031C4T3, STM32C031C4T6, STM32C031C4U3, STM32C031C4U6, STM32C031C6T3, STM32C031C6T6, STM32C031C6U3, STM32C031C6U6, STM32C031F4P3, STM32C031F4P6, STM32C031F6P3, STM32C031F6P6, STM32C031G4U3, STM32C031G4U6, STM32C031G6U3, STM32C031G6U6, STM32C031K4T3, STM32C031K4T6, STM32C031K4U3, STM32C031K4U6, STM32C031K6T3, STM32C031K6T6, STM32C031K6U3, STM32C031K6U6, STM32G071K8TXN, STM32G071K8UXN, STM32G081GBU6N, STM32G081KBT6N, STM32G081KBUXN, STM32G0B1CCT6N, STM32G0B1KCT6, STM32G0B1NEY6TR, STM32G0B1RCT6N, STM32G0C1CCT6, STM32G0C1CCT6N, STM32G0C1CCU6N, STM32G0C1CET6N, STM32G0C1CEU6N, STM32G0C1KCT6, STM32G0C1NEY6TR, STM32G0C1RCI6N, STM32G0C1RCT6N, STM32G0C1REI6N, STM32G0C1RET6N, STM32G0C1VCI6, STM32G0C1VEI6, STM32G471CCT6, STM32G471CCU6, STM32G471CET3, STM32G471CET6, STM32G471CEU3, STM32G471CEU6, STM32G471MCT6, STM32G471MET3, STM32G471MET6, STM32G471MEY6TR, STM32G471QCT6, STM32G471QET3, STM32G471RCT6, STM32G471RET3, STM32G471RET6, STM32G471VCH6, STM32G471VCI6, STM32G471VCT6, STM32G471VEH3, STM32G471VEH6, STM32G471VEI3, STM32G471VEI6, STM32G471VET3, STM32G471VET6, STM32G474CCT6, STM32L476VGY6PTR, STM32L4R5QGI6STR, STM32MP131AAE3, STM32MP131AAF3, STM32MP131AAG3, STM32MP131CAE3, STM32MP131CAF3, STM32MP131CAG3, STM32MP131DAE7, STM32MP131DAF7, STM32MP131DAG7, STM32MP131FAE7, STM32MP131FAF7, STM32MP131FAG7, STM32MP133AAE3, STM32MP133AAF3, STM32MP133AAG3, STM32MP133CAE3, STM32MP133CAF3, STM32MP133CAG3, STM32MP133DAE7, STM32MP133DAF7, STM32MP133DAG7, STM32MP133FAE7, STM32MP133FAF7, STM32MP133FAG7, STM32MP135AAE3, STM32MP135AAF3, STM32MP135AAG3, STM32MP135CAE3, STM32MP135CAF3, STM32MP135CAG3, STM32MP135DAE7, STM32MP135DAF7, STM32MP135DAG7, STM32MP135F-DK, STM32MP135FAE7, STM32MP135FAF7, STM32MP135FAG7, STM32U595ZJT6Q, STM32U599BJY6QTR, STM32U599NIH6Q, STM32U599NJH6Q, STM32U5A5ZJT6Q, STM32U5A9BJY6QTR, STM32U5A9NJH6Q, STM32WB1MMCH6]
2024-05-12 08:25:03,941 [INFO] BoardInfo:879 - No configuration file found for board P-NUCLEO-WB55
2024-05-12 08:25:03,941 [INFO] DbBoards:156 - Kit is not supported: P-NUCLEO-WB55
2024-05-12 08:25:03,946 [INFO] BoardInfo:879 - No configuration file found for board STEVAL-BFA001V1B
2024-05-12 08:25:03,946 [INFO] DbBoards:156 - Kit is not supported: STEVAL-BFA001V1B
2024-05-12 08:25:03,947 [INFO] BoardInfo:879 - No configuration file found for board STEVAL-BFA001V2B
2024-05-12 08:25:03,948 [INFO] DbBoards:156 - Kit is not supported: STEVAL-BFA001V2B
2024-05-12 08:25:04,027 [INFO] DbBoards:160 - Found 176 boards, 173 are supported
2024-05-12 08:25:04,030 [INFO] ApiDb:418 - Load user favorites file C:\Users\DANIE/.stm32cubeide/favorites.boards.txt: 0 item(s)
2024-05-12 08:25:04,030 [INFO] ApiDb:422 - User favorites Boards=[]
2024-05-12 08:25:04,030 [INFO] DbBoards:189 - Set 0 / 0 favorites Boards
2024-05-12 08:25:04,292 [ERROR] MultiScanPanel:793 - Unable to refresh data
2024-05-12 08:25:04,356 [INFO] DbBoards:628 - Loading board mini-images...
2024-05-12 08:25:04,418 [ERROR] DbBoards:648 - No image file defined for board B-WB1M-WPAN1
2024-05-12 08:25:04,419 [ERROR] DbBoards:648 - No image file defined for board NUCLEO-C031C6
2024-05-12 08:25:05,025 [ERROR] DbBoards:648 - No image file defined for board STEVAL-STWINBX1
2024-05-12 08:25:05,049 [ERROR] DbBoards:648 - No image file defined for board STM32091C-EVAL
2024-05-12 08:25:05,049 [ERROR] DbBoards:648 - No image file defined for board STM32100E-EVAL
2024-05-12 08:25:05,049 [ERROR] DbBoards:648 - No image file defined for board STM3210C-EVAL
2024-05-12 08:25:05,055 [ERROR] DbBoards:648 - No image file defined for board STM3221G-EVAL
2024-05-12 08:25:05,055 [ERROR] DbBoards:648 - No image file defined for board STM32303C-EVAL
2024-05-12 08:25:05,095 [ERROR] DbBoards:648 - No image file defined for board STM32479I-EVAL
2024-05-12 08:25:05,095 [ERROR] DbBoards:648 - No image file defined for board STM32746G-EVAL2
2024-05-12 08:25:05,099 [ERROR] DbBoards:648 - No image file defined for board STM32C0116-DK
2024-05-12 08:25:05,099 [ERROR] DbBoards:648 - No image file defined for board STM32C0316-DK
2024-05-12 08:25:05,114 [ERROR] DbBoards:648 - No image file defined for board STM32F401C-DISCO
2024-05-12 08:25:05,139 [ERROR] DbBoards:648 - No image file defined for board STM32F7308-DK
2024-05-12 08:25:05,161 [ERROR] DbBoards:648 - No image file defined for board STM32F779I-EVAL
2024-05-12 08:25:05,240 [ERROR] DbBoards:648 - No image file defined for board STM32H747I-EVAL
2024-05-12 08:25:05,266 [ERROR] DbBoards:648 - No image file defined for board STM32L-DISCOVERY
2024-05-12 08:25:05,282 [ERROR] DbBoards:648 - No image file defined for board STM32L152D-EVAL
2024-05-12 08:25:05,346 [ERROR] DbBoards:648 - No image file defined for board STM32MP135F-DK
2024-05-12 08:25:05,437 [INFO] DbBoards:651 - Loaded 157 board mini-images
2024-05-12 08:25:05,642 [INFO] ServerAccessManage:474 - Download File STMicroelectronics.X-CUBE-NFC4.pdsc
2024-05-12 08:25:15,744 [INFO] ServerAccessManage:474 - Download File STMicroelectronics.X-CUBE-NFC6.pdsc
2024-05-12 08:25:18,230 [INFO] ServerAccessManage:474 - Download File STMicroelectronics.X-CUBE-NFC7.pdsc
2024-05-12 08:25:20,591 [INFO] ServerAccessManage:474 - Download File STMicroelectronics.X-CUBE-SFXS2LP1.pdsc
2024-05-12 08:25:21,268 [INFO] BoardResultTable:716 - Mark Board NUCLEO-F411RE as favorite
2024-05-12 08:25:24,263 [INFO] ServerAccessManage:474 - Download File STMicroelectronics.X-CUBE-SAFEA1.pdsc
2024-05-12 08:25:25,944 [INFO] ServerAccessManage:474 - Download File STMicroelectronics.X-CUBE-SUBG2.pdsc
2024-05-12 08:25:32,797 [INFO] ServerAccessManage:474 - Download File STMicroelectronics.X-CUBE-SMBUS.pdsc
2024-05-12 08:25:33,954 [ERROR] ServerAccessManage:1090 - Problem, file not found on Server
2024-05-12 08:25:34,756 [INFO] ServerAccessManage:474 - Download File STMicroelectronics.X-CUBE-TCPP.pdsc
2024-05-12 08:25:36,272 [INFO] ServerAccessManage:474 - Download File STMicroelectronics.X-CUBE-TOF1.pdsc
2024-05-12 08:25:38,096 [INFO] McuFinderGlobals:57 - Set McuFinderConnectedMode to true
2024-05-12 08:25:38,097 [INFO] ApiDb:443 - Save user favorites file C:\Users\DANIE/.stm32cubeide/favorites.mcus.txt: 0 item(s)
2024-05-12 08:25:38,098 [INFO] ApiDb:447 - User favorites MCUs=[]
2024-05-12 08:25:38,100 [INFO] ApiDb:443 - Save user favorites file C:\Users\DANIE/.stm32cubeide/favorites.boards.txt: 1 item(s)
2024-05-12 08:25:38,101 [INFO] ApiDb:447 - User favorites Boards=[NUCLEO-F411RE]
2024-05-12 08:25:42,643 [ERROR] ServerAccessManage:1090 - Problem, file not found on Server
2024-05-12 08:25:43,880 [INFO] ServerAccessManage:474 - Download File STMicroelectronics.X-CUBE-TOUCHGFX.pdsc
2024-05-12 08:25:58,541 [INFO] ServerAccessManage:474 - Download File STMicroelectronics.X-CUBE-ALGOBUILD.pdsc
2024-05-12 08:26:00,613 [INFO] ServerAccessManage:474 - Download File STMicroelectronics.X-CUBE-AZRTOS-H7.pdsc
2024-05-12 08:26:06,991 [INFO] ServerAccessManage:474 - Download File STMicroelectronics.X-CUBE-AZRTOS-H7RS.pdsc
2024-05-12 08:26:08,554 [INFO] ServerAccessManage:474 - Download File STMicroelectronics.X-CUBE-AZRTOS-F4.pdsc
2024-05-12 08:26:11,402 [INFO] ServerAccessManage:474 - Download File STMicroelectronics.X-CUBE-AZRTOS-F7.pdsc
2024-05-12 08:26:13,656 [INFO] ServerAccessManage:474 - Download File STMicroelectronics.X-CUBE-AZRTOS-L4.pdsc
2024-05-12 08:26:16,317 [INFO] ServerAccessManage:474 - Download File STMicroelectronics.X-CUBE-AZRTOS-L5.pdsc
2024-05-12 08:26:19,708 [INFO] ServerAccessManage:474 - Download File STMicroelectronics.X-CUBE-AZRTOS-G0.pdsc
2024-05-12 08:26:22,397 [INFO] ServerAccessManage:474 - Download File STMicroelectronics.X-CUBE-AZRTOS-G4.pdsc
2024-05-12 08:26:24,709 [INFO] ServerAccessManage:474 - Download File STMicroelectronics.X-CUBE-AZRTOS-WB.pdsc
2024-05-12 08:26:27,470 [INFO] ServerAccessManage:474 - Download File STMicroelectronics.X-CUBE-AZRTOS-WL.pdsc
2024-05-12 08:26:30,860 [INFO] ServerAccessManage:474 - Download File wolfSSL.I-CUBE-wolfSSL.pdsc
2024-05-12 08:26:37,654 [ERROR] ServerAccessManage:1090 - Problem, file not found on Server
2024-05-12 08:26:38,606 [ERROR] ServerAccessManage:1090 - Problem, file not found on Server
2024-05-12 08:26:39,103 [ERROR] ServerAccessManage:1090 - Problem, file not found on Server
2024-05-12 08:26:40,213 [INFO] ServerAccessManage:474 - Download File SEGGER.I-CUBE-embOS.pdsc
2024-05-12 08:26:45,220 [INFO] ServerAccessManage:474 - Download File portGmbH.I-Cube-SoM-uGOAL.pdsc
2024-05-12 08:26:47,288 [ERROR] ServerAccessManage:1090 - Problem, file not found on Server
2024-05-12 08:26:47,489 [ERROR] ServerAccessManage:1090 - Problem, file not found on Server
2024-05-12 08:26:47,727 [ERROR] ServerAccessManage:1090 - Problem, file not found on Server
2024-05-12 08:26:48,847 [INFO] ServerAccessManage:474 - Download File emotas.I-CUBE-CANOPEN.pdsc
2024-05-12 08:26:50,197 [INFO] ServerAccessManage:474 - Download File WES.I-CUBE-Cesium.pdsc
2024-05-12 08:26:50,660 [ERROR] ServerAccessManage:1090 - Problem, file not found on Server
2024-05-12 08:26:50,898 [ERROR] ServerAccessManage:1090 - Problem, file not found on Server
2024-05-12 08:26:51,801 [INFO] ServerAccessManage:474 - Download File ITTIA_DB.I-CUBE-ITTIADB.pdsc
2024-05-12 08:26:55,735 [INFO] ServerAccessManage:474 - Download File Infineon.AIROC-Wi-Fi-Bluetooth-STM32.pdsc
2024-05-12 08:26:59,924 [INFO] ServerAccessManage:474 - Download File Cesanta.I-CUBE-Mongoose.pdsc
2024-05-12 08:27:01,694 [ERROR] ServerAccessManage:1090 - Problem, file not found on Server
2024-05-12 08:27:01,783 [WARN] PackLoader:242 - Cannot read IP mode file for STMicroelectronics.FP-ATR-ASTRA1.2.0.0
2024-05-12 08:27:01,784 [WARN] CheckServerUpdateThread:148 - Open CheckUpdateFile Fail
2024-05-12 08:27:01,792 [WARN] PackLoader:242 - Cannot read IP mode file for STMicroelectronics.FP-ATR-SIGFOX1.3.2.0
2024-05-12 08:27:01,803 [WARN] PackLoader:242 - Cannot read IP mode file for STMicroelectronics.FP-SNS-FLIGHT1.5.0.2
2024-05-12 08:27:01,811 [WARN] PackLoader:242 - Cannot read IP mode file for STMicroelectronics.FP-SNS-MOTENV1.5.0.0
2024-05-12 08:27:01,819 [WARN] PackLoader:242 - Cannot read IP mode file for STMicroelectronics.FP-SNS-MOTENVWB1.1.4.0
2024-05-12 08:27:01,827 [WARN] PackLoader:242 - Cannot read IP mode file for STMicroelectronics.FP-SNS-SMARTAG2.1.2.0
2024-05-12 08:27:01,834 [WARN] PackLoader:242 - Cannot read IP mode file for STMicroelectronics.X-CUBE-AI.9.0.0
2024-05-12 08:27:01,842 [WARN] PackLoader:242 - Cannot read IP mode file for STMicroelectronics.X-CUBE-ALS.1.0.1
2024-05-12 08:27:01,853 [WARN] PackLoader:242 - Cannot read IP mode file for STMicroelectronics.X-CUBE-BLE1.7.0.0
2024-05-12 08:27:01,860 [WARN] PackLoader:242 - Cannot read IP mode file for STMicroelectronics.X-CUBE-BLE2.3.3.0
2024-05-12 08:27:01,876 [WARN] PackLoader:242 - Cannot read IP mode file for STMicroelectronics.X-CUBE-BLEMGR.3.1.0
2024-05-12 08:27:01,895 [WARN] PackLoader:242 - Cannot read IP mode file for STMicroelectronics.X-CUBE-DISPLAY.3.0.0
2024-05-12 08:27:01,913 [WARN] PackLoader:242 - Cannot read IP mode file for STMicroelectronics.X-CUBE-EEPRMA1.5.1.0
2024-05-12 08:27:01,926 [WARN] PackLoader:242 - Cannot read IP mode file for STMicroelectronics.X-CUBE-FREERTOS.1.2.0
2024-05-12 08:27:01,928 [INFO] CheckServerUpdateThread:119 - End of CheckServer Thread
2024-05-12 08:27:01,937 [WARN] PackLoader:242 - Cannot read IP mode file for STMicroelectronics.X-CUBE-GNSS1.6.0.0
2024-05-12 08:27:01,945 [WARN] PackLoader:242 - Cannot read IP mode file for STMicroelectronics.X-CUBE-ISPU.2.0.0
2024-05-12 08:27:02,020 [WARN] PackLoader:242 - Cannot read IP mode file for STMicroelectronics.X-CUBE-MEMS1.10.0.0
2024-05-12 08:27:02,161 [WARN] PackLoader:242 - Cannot read IP mode file for STMicroelectronics.X-CUBE-NFC4.3.0.0
2024-05-12 08:27:02,170 [WARN] PackLoader:242 - Cannot read IP mode file for STMicroelectronics.X-CUBE-NFC6.3.1.0
2024-05-12 08:27:02,175 [WARN] PackLoader:242 - Cannot read IP mode file for STMicroelectronics.X-CUBE-NFC7.1.0.1
2024-05-12 08:27:02,183 [WARN] PackLoader:242 - Cannot read IP mode file for STMicroelectronics.X-CUBE-SFXS2LP1.4.0.0
2024-05-12 08:27:02,191 [WARN] PackLoader:242 - Cannot read IP mode file for STMicroelectronics.X-CUBE-SAFEA1.1.2.2
2024-05-12 08:27:02,202 [WARN] PackLoader:242 - Cannot read IP mode file for STMicroelectronics.X-CUBE-SUBG2.5.0.0
2024-05-12 08:27:02,212 [WARN] PackLoader:242 - Cannot read IP mode file for STMicroelectronics.X-CUBE-SMBUS.2.1.0
2024-05-12 08:27:02,217 [WARN] PackLoader:242 - Cannot read IP mode file for STMicroelectronics.X-CUBE-TCPP.4.1.0
2024-05-12 08:27:02,227 [WARN] PackLoader:242 - Cannot read IP mode file for STMicroelectronics.X-CUBE-TOF1.3.4.1
2024-05-12 08:27:02,243 [WARN] PackLoader:242 - Cannot read IP mode file for STMicroelectronics.X-CUBE-TOUCHGFX.4.23.2
2024-05-12 08:27:02,249 [WARN] PackLoader:242 - Cannot read IP mode file for STMicroelectronics.X-CUBE-ALGOBUILD.1.4.0
2024-05-12 08:27:02,271 [WARN] PackLoader:242 - Cannot read IP mode file for STMicroelectronics.X-CUBE-AZRTOS-H7.3.2.0
2024-05-12 08:27:02,294 [WARN] PackLoader:242 - Cannot read IP mode file for STMicroelectronics.X-CUBE-AZRTOS-H7RS.1.0.0
2024-05-12 08:27:02,312 [WARN] PackLoader:242 - Cannot read IP mode file for STMicroelectronics.X-CUBE-AZRTOS-F4.1.1.0
2024-05-12 08:27:02,331 [WARN] PackLoader:242 - Cannot read IP mode file for STMicroelectronics.X-CUBE-AZRTOS-F7.1.1.0
2024-05-12 08:27:02,350 [WARN] ConditionMgr:437 - getConditionDescription Invalid condition id : LAN8742 Phy interface Condition cause : null
2024-05-12 08:27:02,350 [WARN] PackLoader:242 - Cannot read IP mode file for STMicroelectronics.X-CUBE-AZRTOS-L4.2.0.0
2024-05-12 08:27:02,352 [WARN] ConditionMgr:1038 - genDependencies : Invalid condition id : LAN8742 Phy interface Condition cause : null
2024-05-12 08:27:02,352 [WARN] ConditionMgr:1038 - genDependencies : Invalid condition id : LAN8742 Phy interface Condition cause : null
2024-05-12 08:27:02,352 [WARN] ConditionMgr:1038 - genDependencies : Invalid condition id : LAN8742 Phy interface Condition cause : null
2024-05-12 08:27:02,371 [WARN] PackLoader:242 - Cannot read IP mode file for STMicroelectronics.X-CUBE-AZRTOS-L5.2.0.0
2024-05-12 08:27:02,390 [WARN] PackLoader:242 - Cannot read IP mode file for STMicroelectronics.X-CUBE-AZRTOS-G0.1.1.0
2024-05-12 08:27:02,406 [WARN] PackLoader:242 - Cannot read IP mode file for STMicroelectronics.X-CUBE-AZRTOS-G4.2.0.0
2024-05-12 08:27:02,438 [WARN] ConditionMgr:437 - getConditionDescription Invalid condition id : UX DEVICE CLASS RTOS Condition cause : null
2024-05-12 08:27:02,438 [WARN] ConditionMgr:437 - getConditionDescription Invalid condition id : UX DEVICE CLASS RTOS Condition cause : null
2024-05-12 08:27:02,440 [WARN] PackLoader:242 - Cannot read IP mode file for STMicroelectronics.X-CUBE-AZRTOS-WB.2.0.0
2024-05-12 08:27:02,441 [WARN] ConditionMgr:1038 - genDependencies : Invalid condition id : UX DEVICE CLASS RTOS Condition cause : null
2024-05-12 08:27:02,441 [WARN] ConditionMgr:1038 - genDependencies : Invalid condition id : UX DEVICE CLASS RTOS Condition cause : null
2024-05-12 08:27:02,442 [WARN] ConditionMgr:1038 - genDependencies : Invalid condition id : UX DEVICE CLASS RTOS Condition cause : null
2024-05-12 08:27:02,442 [WARN] ConditionMgr:1038 - genDependencies : Invalid condition id : UX DEVICE CLASS RTOS Condition cause : null
2024-05-12 08:27:02,442 [WARN] ConditionMgr:1038 - genDependencies : Invalid condition id : UX DEVICE CLASS RTOS Condition cause : null
2024-05-12 08:27:02,453 [INFO] LogOutputStream:76 - [STDOUT_REDIRECT] 1 : Invalid condition id : UX_CORESTACK_Condition cause : null
2024-05-12 08:27:02,453 [INFO] LogOutputStream:76 - [STDOUT_REDIRECT] 1 : Invalid condition id : UX_CORESTACK_Condition cause : null
2024-05-12 08:27:02,454 [INFO] LogOutputStream:76 - [STDOUT_REDIRECT] 1 : Invalid condition id : UX_CORESTACK_Condition cause : null
2024-05-12 08:27:02,456 [INFO] LogOutputStream:76 - [STDOUT_REDIRECT] 1 : Invalid condition id : UX_CORESTACK_Condition cause : null
2024-05-12 08:27:02,458 [INFO] LogOutputStream:76 - [STDOUT_REDIRECT] 1 : Invalid condition id : UX_CORESTACK_Condition cause : null
2024-05-12 08:27:02,462 [WARN] PackLoader:242 - Cannot read IP mode file for STMicroelectronics.X-CUBE-AZRTOS-WL.2.0.0
2024-05-12 08:27:02,470 [WARN] PackLoader:242 - Cannot read IP mode file for wolfSSL.I-CUBE-wolfSSL.5.7.0
2024-05-12 08:27:02,511 [WARN] PackLoader:242 - Cannot read IP mode file for SEGGER.I-CUBE-embOS.1.3.1
2024-05-12 08:27:02,559 [WARN] PackLoader:242 - Cannot read IP mode file for portGmbH.I-Cube-SoM-uGOAL.1.1.0
2024-05-12 08:27:02,564 [WARN] PackLoader:242 - Cannot read IP mode file for emotas.I-CUBE-CANOPEN.1.3.0
2024-05-12 08:27:02,569 [WARN] PackLoader:242 - Cannot read IP mode file for WES.I-CUBE-Cesium.1.3.0
2024-05-12 08:27:02,576 [WARN] PackLoader:242 - Cannot read IP mode file for ITTIA_DB.I-CUBE-ITTIADB.8.9.0
2024-05-12 08:27:02,589 [WARN] PackLoader:242 - Cannot read IP mode file for Infineon.AIROC-Wi-Fi-Bluetooth-STM32.1.6.0
2024-05-12 08:27:02,597 [WARN] PackLoader:242 - Cannot read IP mode file for Cesanta.I-CUBE-Mongoose.7.13.0
2024-05-12 08:27:02,597 [INFO] PopulateThirdPartyThread:64 - Ending populate Thread
2024-05-12 08:27:02,599 [INFO] ThirdParty:981 - CMSIS Pack Vendor :STMicroelectronics X-CUBE-DISPLAY 3.0.0
2024-05-12 08:27:02,599 [INFO] ThirdParty:981 - CMSIS Pack Vendor :STMicroelectronics X-CUBE-GNSS1 6.0.0
2024-05-12 08:27:02,600 [INFO] ThirdParty:981 - CMSIS Pack Vendor :STMicroelectronics FP-SNS-MOTENVWB1 1.4.0
2024-05-12 08:27:02,600 [INFO] ThirdParty:981 - CMSIS Pack Vendor :STMicroelectronics X-CUBE-AZRTOS-F4 1.1.0
2024-05-12 08:27:02,600 [INFO] ThirdParty:981 - CMSIS Pack Vendor :wolfSSL I-CUBE-wolfSSL 5.7.0
2024-05-12 08:27:02,600 [INFO] ThirdParty:981 - CMSIS Pack Vendor :STMicroelectronics FP-ATR-SIGFOX1 3.2.0
2024-05-12 08:27:02,600 [INFO] ThirdParty:981 - CMSIS Pack Vendor :STMicroelectronics X-CUBE-BLE1 7.0.0
2024-05-12 08:27:02,600 [INFO] ThirdParty:981 - CMSIS Pack Vendor :STMicroelectronics X-CUBE-SMBUS 2.1.0
2024-05-12 08:27:02,601 [INFO] ThirdParty:981 - CMSIS Pack Vendor :STMicroelectronics X-CUBE-ISPU 2.0.0
2024-05-12 08:27:02,601 [INFO] ThirdParty:981 - CMSIS Pack Vendor :STMicroelectronics X-CUBE-TCPP 4.1.0
2024-05-12 08:27:02,601 [INFO] ThirdParty:981 - CMSIS Pack Vendor :STMicroelectronics X-CUBE-EEPRMA1 5.1.0
2024-05-12 08:27:02,601 [INFO] ThirdParty:981 - CMSIS Pack Vendor :STMicroelectronics X-CUBE-FREERTOS 1.2.0
2024-05-12 08:27:02,601 [INFO] ThirdParty:981 - CMSIS Pack Vendor :STMicroelectronics X-CUBE-AZRTOS-WB 2.0.0
2024-05-12 08:27:02,601 [INFO] ThirdParty:981 - CMSIS Pack Vendor :emotas I-CUBE-CANOPEN 1.3.0
2024-05-12 08:27:02,601 [INFO] ThirdParty:981 - CMSIS Pack Vendor :STMicroelectronics X-CUBE-MEMS1 10.0.0
2024-05-12 08:27:02,601 [INFO] ThirdParty:981 - CMSIS Pack Vendor :STMicroelectronics X-CUBE-NFC7 1.0.1
2024-05-12 08:27:02,601 [INFO] ThirdParty:981 - CMSIS Pack Vendor :ITTIA_DB I-CUBE-ITTIADB 8.9.0
2024-05-12 08:27:02,601 [INFO] ThirdParty:981 - CMSIS Pack Vendor :STMicroelectronics X-CUBE-TOUCHGFX 4.23.2
2024-05-12 08:27:02,601 [INFO] ThirdParty:981 - CMSIS Pack Vendor :STMicroelectronics X-CUBE-AZRTOS-F7 1.1.0
2024-05-12 08:27:02,602 [INFO] ThirdParty:981 - CMSIS Pack Vendor :STMicroelectronics X-CUBE-AZRTOS-L5 2.0.0
2024-05-12 08:27:02,602 [INFO] ThirdParty:981 - CMSIS Pack Vendor :STMicroelectronics X-CUBE-ALS 1.0.1
2024-05-12 08:27:02,602 [INFO] ThirdParty:981 - CMSIS Pack Vendor :portGmbH I-Cube-SoM-uGOAL 1.1.0
2024-05-12 08:27:02,602 [INFO] ThirdParty:981 - CMSIS Pack Vendor :STMicroelectronics X-CUBE-NFC6 3.1.0
2024-05-12 08:27:02,602 [INFO] ThirdParty:981 - CMSIS Pack Vendor :STMicroelectronics X-CUBE-BLEMGR 3.1.0
2024-05-12 08:27:02,602 [INFO] ThirdParty:981 - CMSIS Pack Vendor :STMicroelectronics FP-SNS-SMARTAG2 1.2.0
2024-05-12 08:27:02,602 [INFO] ThirdParty:981 - CMSIS Pack Vendor :STMicroelectronics X-CUBE-AZRTOS-WL 2.0.0
2024-05-12 08:27:02,602 [INFO] ThirdParty:981 - CMSIS Pack Vendor :SEGGER I-CUBE-embOS 1.3.1
2024-05-12 08:27:02,602 [INFO] ThirdParty:981 - CMSIS Pack Vendor :STMicroelectronics X-CUBE-ALGOBUILD 1.4.0
2024-05-12 08:27:02,602 [INFO] ThirdParty:981 - CMSIS Pack Vendor :STMicroelectronics FP-SNS-MOTENV1 5.0.0
2024-05-12 08:27:02,602 [INFO] ThirdParty:981 - CMSIS Pack Vendor :STMicroelectronics X-CUBE-AZRTOS-G0 1.1.0
2024-05-12 08:27:02,602 [INFO] ThirdParty:981 - CMSIS Pack Vendor :STMicroelectronics X-CUBE-NFC4 3.0.0
2024-05-12 08:27:02,602 [INFO] ThirdParty:981 - CMSIS Pack Vendor :STMicroelectronics X-CUBE-SAFEA1 1.2.2
2024-05-12 08:27:02,602 [INFO] ThirdParty:981 - CMSIS Pack Vendor :STMicroelectronics X-CUBE-SUBG2 5.0.0
2024-05-12 08:27:02,602 [INFO] ThirdParty:981 - CMSIS Pack Vendor :STMicroelectronics X-CUBE-AZRTOS-H7RS 1.0.0
2024-05-12 08:27:02,602 [INFO] ThirdParty:981 - CMSIS Pack Vendor :STMicroelectronics X-CUBE-AZRTOS-L4 2.0.0
2024-05-12 08:27:02,602 [INFO] ThirdParty:981 - CMSIS Pack Vendor :STMicroelectronics FP-ATR-ASTRA1 2.0.0
2024-05-12 08:27:02,602 [INFO] ThirdParty:981 - CMSIS Pack Vendor :WES I-CUBE-Cesium 1.3.0
2024-05-12 08:27:02,602 [INFO] ThirdParty:981 - CMSIS Pack Vendor :STMicroelectronics X-CUBE-SFXS2LP1 4.0.0
2024-05-12 08:27:02,602 [INFO] ThirdParty:981 - CMSIS Pack Vendor :STMicroelectronics FP-SNS-FLIGHT1 5.0.2
2024-05-12 08:27:02,602 [INFO] ThirdParty:981 - CMSIS Pack Vendor :STMicroelectronics X-CUBE-BLE2 3.3.0
2024-05-12 08:27:02,603 [INFO] ThirdParty:981 - CMSIS Pack Vendor :Cesanta I-CUBE-Mongoose 7.13.0
2024-05-12 08:27:02,603 [INFO] ThirdParty:981 - CMSIS Pack Vendor :STMicroelectronics X-CUBE-AI 9.0.0
2024-05-12 08:27:02,603 [INFO] ThirdParty:981 - CMSIS Pack Vendor :STMicroelectronics X-CUBE-TOF1 3.4.1
2024-05-12 08:27:02,603 [INFO] ThirdParty:981 - CMSIS Pack Vendor :STMicroelectronics X-CUBE-AZRTOS-G4 2.0.0
2024-05-12 08:27:02,603 [INFO] ThirdParty:981 - CMSIS Pack Vendor :STMicroelectronics X-CUBE-AZRTOS-H7 3.2.0
2024-05-12 08:27:02,603 [INFO] ThirdParty:981 - CMSIS Pack Vendor :Infineon AIROC-Wi-Fi-Bluetooth-STM32 1.6.0
2024-05-12 08:27:02,604 [INFO] LoadServerUpdatesThread:367 - End of LoadServerUpdate Thread
2024-05-12 08:27:22,571 [ERROR] AdobePublisher:162 - Exception while opening the connection: java.net.SocketTimeoutException: connect timed out
2024-05-12 08:35:16,296 [ERROR] LogOutputStream:74 - [STDERR_REDIRECT] Warning: NLS missing message: ExternalToolsPreferencePage_External_tool_project_builders_migration_2 in: org.eclipse.ui.externaltools.internal.ui.ExternalToolsUIMessages
2024-05-12 08:35:16,298 [ERROR] LogOutputStream:74 - [STDERR_REDIRECT] Warning: NLS missing message: ExternalToolsPreferencePage_Prompt_before_migrating_3 in: org.eclipse.ui.externaltools.internal.ui.ExternalToolsUIMessages
2024-05-12 08:35:16,300 [ERROR] LogOutputStream:74 - [STDERR_REDIRECT] Warning: NLS missing message: ExternalToolsPreferencePage_1 in: org.eclipse.ui.externaltools.internal.ui.ExternalToolsUIMessages
2024-05-12 21:33:48,924 [INFO] Activator:177 - 


2024-05-12 21:33:48,925 [INFO] Activator:178 - !SESSION log4j initialized
2024-05-12 21:34:28,859 [ERROR] LogOutputStream:74 - [STDERR_REDIRECT] SLF4J: Failed to load class "org.slf4j.impl.StaticLoggerBinder".
2024-05-12 21:34:28,860 [ERROR] LogOutputStream:74 - [STDERR_REDIRECT] SLF4J: Defaulting to no-operation (NOP) logger implementation
2024-05-12 21:34:28,861 [ERROR] LogOutputStream:74 - [STDERR_REDIRECT] SLF4J: See http://www.slf4j.org/codes.html#StaticLoggerBinder for further details.
