08:40:37 **** Build of configuration Debug for project Prueba_SEGGER ****
make -j12 all 
arm-none-eabi-gcc "../ThirdParty/SEGGER/SEGGER/Syscalls/SEGGER_RTT_Syscalls_GCC.c" -mcpu=cortex-m4 -std=gnu11 -g3 -DDEBUG -DNUCLEO_F411RE -DSTM32 -DSTM32F4 -DSTM32F411RETx -DSTM32F411xE -c -I../Inc -I"C:/Users/DANIE/OneDrive/Documents/GitHub/Robotica_dacardenasj/Base_FreeRTOS/ThirdParty/FreeRTOS/include" -I"C:/Users/DANIE/OneDrive/Documents/GitHub/Robotica_dacardenasj/Base_FreeRTOS/ThirdParty/FreeRTOS/portable/GCC/ARM_CM4F" -I"C:/Users/DANIE/OneDrive/Documents/GitHub/Robotica_dacardenasj/CMSIS-PeripheralDrivers/Inc" -I"C:/Users/DANIE/OneDrive/Documents/GitHub/Robotica_dacardenasj/Base_FreeRTOS/Core/Include" -I"C:/Users/DANIE/OneDrive/Documents/GitHub/Robotica_dacardenasj/Base_FreeRTOS/Device/ST/STM32F4xx/Include" -I"C:/Users/DANIE/OneDrive/Documents/GitHub/Robotica_dacardenasj/Prueba_SEGGER/ThirdParty/SEGGER/SEGGER" -O0 -ffunction-sections -fdata-sections -Wall -fstack-usage -MMD -MP -MF"ThirdParty/SEGGER/SEGGER/Syscalls/SEGGER_RTT_Syscalls_GCC.d" -MT"ThirdParty/SEGGER/SEGGER/Syscalls/SEGGER_RTT_Syscalls_GCC.o" --specs=nano.specs -mfpu=fpv4-sp-d16 -mfloat-abi=hard -mthumb -o "ThirdParty/SEGGER/SEGGER/Syscalls/SEGGER_RTT_Syscalls_GCC.o"
arm-none-eabi-gcc "../ThirdParty/SEGGER/SEGGER/Syscalls/SEGGER_RTT_Syscalls_IAR.c" -mcpu=cortex-m4 -std=gnu11 -g3 -DDEBUG -DNUCLEO_F411RE -DSTM32 -DSTM32F4 -DSTM32F411RETx -DSTM32F411xE -c -I../Inc -I"C:/Users/DANIE/OneDrive/Documents/GitHub/Robotica_dacardenasj/Base_FreeRTOS/ThirdParty/FreeRTOS/include" -I"C:/Users/DANIE/OneDrive/Documents/GitHub/Robotica_dacardenasj/Base_FreeRTOS/ThirdParty/FreeRTOS/portable/GCC/ARM_CM4F" -I"C:/Users/DANIE/OneDrive/Documents/GitHub/Robotica_dacardenasj/CMSIS-PeripheralDrivers/Inc" -I"C:/Users/DANIE/OneDrive/Documents/GitHub/Robotica_dacardenasj/Base_FreeRTOS/Core/Include" -I"C:/Users/DANIE/OneDrive/Documents/GitHub/Robotica_dacardenasj/Base_FreeRTOS/Device/ST/STM32F4xx/Include" -I"C:/Users/DANIE/OneDrive/Documents/GitHub/Robotica_dacardenasj/Prueba_SEGGER/ThirdParty/SEGGER/SEGGER" -O0 -ffunction-sections -fdata-sections -Wall -fstack-usage -MMD -MP -MF"ThirdParty/SEGGER/SEGGER/Syscalls/SEGGER_RTT_Syscalls_IAR.d" -MT"ThirdParty/SEGGER/SEGGER/Syscalls/SEGGER_RTT_Syscalls_IAR.o" --specs=nano.specs -mfpu=fpv4-sp-d16 -mfloat-abi=hard -mthumb -o "ThirdParty/SEGGER/SEGGER/Syscalls/SEGGER_RTT_Syscalls_IAR.o"
arm-none-eabi-gcc "../ThirdParty/SEGGER/SEGGER/Syscalls/SEGGER_RTT_Syscalls_KEIL.c" -mcpu=cortex-m4 -std=gnu11 -g3 -DDEBUG -DNUCLEO_F411RE -DSTM32 -DSTM32F4 -DSTM32F411RETx -DSTM32F411xE -c -I../Inc -I"C:/Users/DANIE/OneDrive/Documents/GitHub/Robotica_dacardenasj/Base_FreeRTOS/ThirdParty/FreeRTOS/include" -I"C:/Users/DANIE/OneDrive/Documents/GitHub/Robotica_dacardenasj/Base_FreeRTOS/ThirdParty/FreeRTOS/portable/GCC/ARM_CM4F" -I"C:/Users/DANIE/OneDrive/Documents/GitHub/Robotica_dacardenasj/CMSIS-PeripheralDrivers/Inc" -I"C:/Users/DANIE/OneDrive/Documents/GitHub/Robotica_dacardenasj/Base_FreeRTOS/Core/Include" -I"C:/Users/DANIE/OneDrive/Documents/GitHub/Robotica_dacardenasj/Base_FreeRTOS/Device/ST/STM32F4xx/Include" -I"C:/Users/DANIE/OneDrive/Documents/GitHub/Robotica_dacardenasj/Prueba_SEGGER/ThirdParty/SEGGER/SEGGER" -O0 -ffunction-sections -fdata-sections -Wall -fstack-usage -MMD -MP -MF"ThirdParty/SEGGER/SEGGER/Syscalls/SEGGER_RTT_Syscalls_KEIL.d" -MT"ThirdParty/SEGGER/SEGGER/Syscalls/SEGGER_RTT_Syscalls_KEIL.o" --specs=nano.specs -mfpu=fpv4-sp-d16 -mfloat-abi=hard -mthumb -o "ThirdParty/SEGGER/SEGGER/Syscalls/SEGGER_RTT_Syscalls_KEIL.o"
arm-none-eabi-gcc "../ThirdParty/SEGGER/SEGGER/Syscalls/SEGGER_RTT_Syscalls_SES.c" -mcpu=cortex-m4 -std=gnu11 -g3 -DDEBUG -DNUCLEO_F411RE -DSTM32 -DSTM32F4 -DSTM32F411RETx -DSTM32F411xE -c -I../Inc -I"C:/Users/DANIE/OneDrive/Documents/GitHub/Robotica_dacardenasj/Base_FreeRTOS/ThirdParty/FreeRTOS/include" -I"C:/Users/DANIE/OneDrive/Documents/GitHub/Robotica_dacardenasj/Base_FreeRTOS/ThirdParty/FreeRTOS/portable/GCC/ARM_CM4F" -I"C:/Users/DANIE/OneDrive/Documents/GitHub/Robotica_dacardenasj/CMSIS-PeripheralDrivers/Inc" -I"C:/Users/DANIE/OneDrive/Documents/GitHub/Robotica_dacardenasj/Base_FreeRTOS/Core/Include" -I"C:/Users/DANIE/OneDrive/Documents/GitHub/Robotica_dacardenasj/Base_FreeRTOS/Device/ST/STM32F4xx/Include" -I"C:/Users/DANIE/OneDrive/Documents/GitHub/Robotica_dacardenasj/Prueba_SEGGER/ThirdParty/SEGGER/SEGGER" -O0 -ffunction-sections -fdata-sections -Wall -fstack-usage -MMD -MP -MF"ThirdParty/SEGGER/SEGGER/Syscalls/SEGGER_RTT_Syscalls_SES.d" -MT"ThirdParty/SEGGER/SEGGER/Syscalls/SEGGER_RTT_Syscalls_SES.o" --specs=nano.specs -mfpu=fpv4-sp-d16 -mfloat-abi=hard -mthumb -o "ThirdParty/SEGGER/SEGGER/Syscalls/SEGGER_RTT_Syscalls_SES.o"
arm-none-eabi-gcc "../ThirdParty/SEGGER/SEGGER/SEGGER_RTT.c" -mcpu=cortex-m4 -std=gnu11 -g3 -DDEBUG -DNUCLEO_F411RE -DSTM32 -DSTM32F4 -DSTM32F411RETx -DSTM32F411xE -c -I../Inc -I"C:/Users/DANIE/OneDrive/Documents/GitHub/Robotica_dacardenasj/Base_FreeRTOS/ThirdParty/FreeRTOS/include" -I"C:/Users/DANIE/OneDrive/Documents/GitHub/Robotica_dacardenasj/Base_FreeRTOS/ThirdParty/FreeRTOS/portable/GCC/ARM_CM4F" -I"C:/Users/DANIE/OneDrive/Documents/GitHub/Robotica_dacardenasj/CMSIS-PeripheralDrivers/Inc" -I"C:/Users/DANIE/OneDrive/Documents/GitHub/Robotica_dacardenasj/Base_FreeRTOS/Core/Include" -I"C:/Users/DANIE/OneDrive/Documents/GitHub/Robotica_dacardenasj/Base_FreeRTOS/Device/ST/STM32F4xx/Include" -I"C:/Users/DANIE/OneDrive/Documents/GitHub/Robotica_dacardenasj/Prueba_SEGGER/ThirdParty/SEGGER/SEGGER" -O0 -ffunction-sections -fdata-sections -Wall -fstack-usage -MMD -MP -MF"ThirdParty/SEGGER/SEGGER/SEGGER_RTT.d" -MT"ThirdParty/SEGGER/SEGGER/SEGGER_RTT.o" --specs=nano.specs -mfpu=fpv4-sp-d16 -mfloat-abi=hard -mthumb -o "ThirdParty/SEGGER/SEGGER/SEGGER_RTT.o"
arm-none-eabi-gcc -mcpu=cortex-m4 -g3 -DDEBUG -c -x assembler-with-cpp -MMD -MP -MF"ThirdParty/SEGGER/SEGGER/SEGGER_RTT_ASM_ARMv7M.d" -MT"ThirdParty/SEGGER/SEGGER/SEGGER_RTT_ASM_ARMv7M.o" --specs=nano.specs -mfpu=fpv4-sp-d16 -mfloat-abi=hard -mthumb -o "ThirdParty/SEGGER/SEGGER/SEGGER_RTT_ASM_ARMv7M.o" "../ThirdParty/SEGGER/SEGGER/SEGGER_RTT_ASM_ARMv7M.S"
arm-none-eabi-gcc "../ThirdParty/SEGGER/SEGGER/SEGGER_RTT_printf.c" -mcpu=cortex-m4 -std=gnu11 -g3 -DDEBUG -DNUCLEO_F411RE -DSTM32 -DSTM32F4 -DSTM32F411RETx -DSTM32F411xE -c -I../Inc -I"C:/Users/DANIE/OneDrive/Documents/GitHub/Robotica_dacardenasj/Base_FreeRTOS/ThirdParty/FreeRTOS/include" -I"C:/Users/DANIE/OneDrive/Documents/GitHub/Robotica_dacardenasj/Base_FreeRTOS/ThirdParty/FreeRTOS/portable/GCC/ARM_CM4F" -I"C:/Users/DANIE/OneDrive/Documents/GitHub/Robotica_dacardenasj/CMSIS-PeripheralDrivers/Inc" -I"C:/Users/DANIE/OneDrive/Documents/GitHub/Robotica_dacardenasj/Base_FreeRTOS/Core/Include" -I"C:/Users/DANIE/OneDrive/Documents/GitHub/Robotica_dacardenasj/Base_FreeRTOS/Device/ST/STM32F4xx/Include" -I"C:/Users/DANIE/OneDrive/Documents/GitHub/Robotica_dacardenasj/Prueba_SEGGER/ThirdParty/SEGGER/SEGGER" -O0 -ffunction-sections -fdata-sections -Wall -fstack-usage -MMD -MP -MF"ThirdParty/SEGGER/SEGGER/SEGGER_RTT_printf.d" -MT"ThirdParty/SEGGER/SEGGER/SEGGER_RTT_printf.o" --specs=nano.specs -mfpu=fpv4-sp-d16 -mfloat-abi=hard -mthumb -o "ThirdParty/SEGGER/SEGGER/SEGGER_RTT_printf.o"
arm-none-eabi-gcc "../ThirdParty/SEGGER/SEGGER/SEGGER_SYSVIEW.c" -mcpu=cortex-m4 -std=gnu11 -g3 -DDEBUG -DNUCLEO_F411RE -DSTM32 -DSTM32F4 -DSTM32F411RETx -DSTM32F411xE -c -I../Inc -I"C:/Users/DANIE/OneDrive/Documents/GitHub/Robotica_dacardenasj/Base_FreeRTOS/ThirdParty/FreeRTOS/include" -I"C:/Users/DANIE/OneDrive/Documents/GitHub/Robotica_dacardenasj/Base_FreeRTOS/ThirdParty/FreeRTOS/portable/GCC/ARM_CM4F" -I"C:/Users/DANIE/OneDrive/Documents/GitHub/Robotica_dacardenasj/CMSIS-PeripheralDrivers/Inc" -I"C:/Users/DANIE/OneDrive/Documents/GitHub/Robotica_dacardenasj/Base_FreeRTOS/Core/Include" -I"C:/Users/DANIE/OneDrive/Documents/GitHub/Robotica_dacardenasj/Base_FreeRTOS/Device/ST/STM32F4xx/Include" -I"C:/Users/DANIE/OneDrive/Documents/GitHub/Robotica_dacardenasj/Prueba_SEGGER/ThirdParty/SEGGER/SEGGER" -O0 -ffunction-sections -fdata-sections -Wall -fstack-usage -MMD -MP -MF"ThirdParty/SEGGER/SEGGER/SEGGER_SYSVIEW.d" -MT"ThirdParty/SEGGER/SEGGER/SEGGER_SYSVIEW.o" --specs=nano.specs -mfpu=fpv4-sp-d16 -mfloat-abi=hard -mthumb -o "ThirdParty/SEGGER/SEGGER/SEGGER_SYSVIEW.o"
arm-none-eabi-gcc "../ThirdParty/SEGGER/OS/SEGGER_SYSVIEW_FreeRTOS.c" -mcpu=cortex-m4 -std=gnu11 -g3 -DDEBUG -DNUCLEO_F411RE -DSTM32 -DSTM32F4 -DSTM32F411RETx -DSTM32F411xE -c -I../Inc -I"C:/Users/DANIE/OneDrive/Documents/GitHub/Robotica_dacardenasj/Base_FreeRTOS/ThirdParty/FreeRTOS/include" -I"C:/Users/DANIE/OneDrive/Documents/GitHub/Robotica_dacardenasj/Base_FreeRTOS/ThirdParty/FreeRTOS/portable/GCC/ARM_CM4F" -I"C:/Users/DANIE/OneDrive/Documents/GitHub/Robotica_dacardenasj/CMSIS-PeripheralDrivers/Inc" -I"C:/Users/DANIE/OneDrive/Documents/GitHub/Robotica_dacardenasj/Base_FreeRTOS/Core/Include" -I"C:/Users/DANIE/OneDrive/Documents/GitHub/Robotica_dacardenasj/Base_FreeRTOS/Device/ST/STM32F4xx/Include" -I"C:/Users/DANIE/OneDrive/Documents/GitHub/Robotica_dacardenasj/Prueba_SEGGER/ThirdParty/SEGGER/SEGGER" -O0 -ffunction-sections -fdata-sections -Wall -fstack-usage -MMD -MP -MF"ThirdParty/SEGGER/OS/SEGGER_SYSVIEW_FreeRTOS.d" -MT"ThirdParty/SEGGER/OS/SEGGER_SYSVIEW_FreeRTOS.o" --specs=nano.specs -mfpu=fpv4-sp-d16 -mfloat-abi=hard -mthumb -o "ThirdParty/SEGGER/OS/SEGGER_SYSVIEW_FreeRTOS.o"
arm-none-eabi-gcc "../ThirdParty/SEGGER/Config/SEGGER_SYSVIEW_Config_FreeRTOS.c" -mcpu=cortex-m4 -std=gnu11 -g3 -DDEBUG -DNUCLEO_F411RE -DSTM32 -DSTM32F4 -DSTM32F411RETx -DSTM32F411xE -c -I../Inc -I"C:/Users/DANIE/OneDrive/Documents/GitHub/Robotica_dacardenasj/Base_FreeRTOS/ThirdParty/FreeRTOS/include" -I"C:/Users/DANIE/OneDrive/Documents/GitHub/Robotica_dacardenasj/Base_FreeRTOS/ThirdParty/FreeRTOS/portable/GCC/ARM_CM4F" -I"C:/Users/DANIE/OneDrive/Documents/GitHub/Robotica_dacardenasj/CMSIS-PeripheralDrivers/Inc" -I"C:/Users/DANIE/OneDrive/Documents/GitHub/Robotica_dacardenasj/Base_FreeRTOS/Core/Include" -I"C:/Users/DANIE/OneDrive/Documents/GitHub/Robotica_dacardenasj/Base_FreeRTOS/Device/ST/STM32F4xx/Include" -I"C:/Users/DANIE/OneDrive/Documents/GitHub/Robotica_dacardenasj/Prueba_SEGGER/ThirdParty/SEGGER/SEGGER" -O0 -ffunction-sections -fdata-sections -Wall -fstack-usage -MMD -MP -MF"ThirdParty/SEGGER/Config/SEGGER_SYSVIEW_Config_FreeRTOS.d" -MT"ThirdParty/SEGGER/Config/SEGGER_SYSVIEW_Config_FreeRTOS.o" --specs=nano.specs -mfpu=fpv4-sp-d16 -mfloat-abi=hard -mthumb -o "ThirdParty/SEGGER/Config/SEGGER_SYSVIEW_Config_FreeRTOS.o"
arm-none-eabi-gcc "../ThirdParty/FreeRTOS/portable/MemMang/heap_4.c" -mcpu=cortex-m4 -std=gnu11 -g3 -DDEBUG -DNUCLEO_F411RE -DSTM32 -DSTM32F4 -DSTM32F411RETx -DSTM32F411xE -c -I../Inc -I"C:/Users/DANIE/OneDrive/Documents/GitHub/Robotica_dacardenasj/Base_FreeRTOS/ThirdParty/FreeRTOS/include" -I"C:/Users/DANIE/OneDrive/Documents/GitHub/Robotica_dacardenasj/Base_FreeRTOS/ThirdParty/FreeRTOS/portable/GCC/ARM_CM4F" -I"C:/Users/DANIE/OneDrive/Documents/GitHub/Robotica_dacardenasj/CMSIS-PeripheralDrivers/Inc" -I"C:/Users/DANIE/OneDrive/Documents/GitHub/Robotica_dacardenasj/Base_FreeRTOS/Core/Include" -I"C:/Users/DANIE/OneDrive/Documents/GitHub/Robotica_dacardenasj/Base_FreeRTOS/Device/ST/STM32F4xx/Include" -I"C:/Users/DANIE/OneDrive/Documents/GitHub/Robotica_dacardenasj/Prueba_SEGGER/ThirdParty/SEGGER/SEGGER" -O0 -ffunction-sections -fdata-sections -Wall -fstack-usage -MMD -MP -MF"ThirdParty/FreeRTOS/portable/MemMang/heap_4.d" -MT"ThirdParty/FreeRTOS/portable/MemMang/heap_4.o" --specs=nano.specs -mfpu=fpv4-sp-d16 -mfloat-abi=hard -mthumb -o "ThirdParty/FreeRTOS/portable/MemMang/heap_4.o"
In file included from ../ThirdParty/SEGGER/SEGGER/Syscalls/SEGGER_RTT_Syscalls_GCC.c:59:
C:/Users/DANIE/OneDrive/Documents/GitHub/Robotica_dacardenasj/Prueba_SEGGER/ThirdParty/SEGGER/SEGGER/SEGGER_RTT.h:60:10: fatal error: SEGGER_RTT_Conf.h: No such file or directory
   60 | #include "SEGGER_RTT_Conf.h"
      |          ^~~~~~~~~~~~~~~~~~~
compilation terminated.
arm-none-eabi-gcc "../ThirdParty/FreeRTOS/portable/GCC/ARM_CM4F/port.c" -mcpu=cortex-m4 -std=gnu11 -g3 -DDEBUG -DNUCLEO_F411RE -DSTM32 -DSTM32F4 -DSTM32F411RETx -DSTM32F411xE -c -I../Inc -I"C:/Users/DANIE/OneDrive/Documents/GitHub/Robotica_dacardenasj/Base_FreeRTOS/ThirdParty/FreeRTOS/include" -I"C:/Users/DANIE/OneDrive/Documents/GitHub/Robotica_dacardenasj/Base_FreeRTOS/ThirdParty/FreeRTOS/portable/GCC/ARM_CM4F" -I"C:/Users/DANIE/OneDrive/Documents/GitHub/Robotica_dacardenasj/CMSIS-PeripheralDrivers/Inc" -I"C:/Users/DANIE/OneDrive/Documents/GitHub/Robotica_dacardenasj/Base_FreeRTOS/Core/Include" -I"C:/Users/DANIE/OneDrive/Documents/GitHub/Robotica_dacardenasj/Base_FreeRTOS/Device/ST/STM32F4xx/Include" -I"C:/Users/DANIE/OneDrive/Documents/GitHub/Robotica_dacardenasj/Prueba_SEGGER/ThirdParty/SEGGER/SEGGER" -O0 -ffunction-sections -fdata-sections -Wall -fstack-usage -MMD -MP -MF"ThirdParty/FreeRTOS/portable/GCC/ARM_CM4F/port.d" -MT"ThirdParty/FreeRTOS/portable/GCC/ARM_CM4F/port.o" --specs=nano.specs -mfpu=fpv4-sp-d16 -mfloat-abi=hard -mthumb -o "ThirdParty/FreeRTOS/portable/GCC/ARM_CM4F/port.o"
In file included from ../ThirdParty/SEGGER/SEGGER/SEGGER_RTT_ASM_ARMv7M.S:18:
../ThirdParty/SEGGER/SEGGER/SEGGER_RTT.h:60:10: fatal error: SEGGER_RTT_Conf.h: No such file or directory
   60 | #include "SEGGER_RTT_Conf.h"
      |          ^~~~~~~~~~~~~~~~~~~
compilation terminated.
In file included from ../ThirdParty/SEGGER/SEGGER/SEGGER_RTT_printf.c:54:
../ThirdParty/SEGGER/SEGGER/SEGGER_RTT.h:60:10: fatal error: SEGGER_RTT_Conf.h: No such file or directory
   60 | #include "SEGGER_RTT_Conf.h"
      |          ^~~~~~~~~~~~~~~~~~~
compilation terminated.
make: *** [ThirdParty/SEGGER/SEGGER/Syscalls/subdir.mk:28: ThirdParty/SEGGER/SEGGER/Syscalls/SEGGER_RTT_Syscalls_GCC.o] Error 1
make: *** Waiting for unfinished jobs....
In file included from ../ThirdParty/SEGGER/SEGGER/SEGGER_RTT.c:76:
../ThirdParty/SEGGER/SEGGER/SEGGER_RTT.h:60:10: fatal error: SEGGER_RTT_Conf.h: No such file or directory
   60 | #include "SEGGER_RTT_Conf.h"
      |          ^~~~~~~~~~~~~~~~~~~
compilation terminated.
make: *** [ThirdParty/SEGGER/SEGGER/subdir.mk:34: ThirdParty/SEGGER/SEGGER/SEGGER_RTT_ASM_ARMv7M.o] Error 1
In file included from C:/Users/DANIE/OneDrive/Documents/GitHub/Robotica_dacardenasj/Prueba_SEGGER/ThirdParty/SEGGER/SEGGER/SEGGER_SYSVIEW.h:64,
                 from ../ThirdParty/SEGGER/OS/SEGGER_SYSVIEW_FreeRTOS.c:56:
C:/Users/DANIE/OneDrive/Documents/GitHub/Robotica_dacardenasj/Prueba_SEGGER/ThirdParty/SEGGER/SEGGER/SEGGER.h:59:10: fatal error: Global.h: No such file or directory
   59 | #include "Global.h"         // Type definitions: U8, U16, U32, I8, I16, I32
      |          ^~~~~~~~~~
compilation terminated.
make: *** [ThirdParty/SEGGER/SEGGER/subdir.mk:32: ThirdParty/SEGGER/SEGGER/SEGGER_RTT_printf.o] Error 1
In file included from ../ThirdParty/SEGGER/SEGGER/SEGGER_SYSVIEW.h:64,
                 from ../ThirdParty/SEGGER/SEGGER/SEGGER_SYSVIEW_Int.h:64,
                 from ../ThirdParty/SEGGER/SEGGER/SEGGER_SYSVIEW.c:146:
../ThirdParty/SEGGER/SEGGER/SEGGER.h:59:10: fatal error: Global.h: No such file or directory
   59 | #include "Global.h"         // Type definitions: U8, U16, U32, I8, I16, I32
      |          ^~~~~~~~~~
compilation terminated.
make: *** [ThirdParty/SEGGER/SEGGER/subdir.mk:32: ThirdParty/SEGGER/SEGGER/SEGGER_RTT.o] Error 1
In file included from C:/Users/DANIE/OneDrive/Documents/GitHub/Robotica_dacardenasj/Prueba_SEGGER/ThirdParty/SEGGER/SEGGER/SEGGER_SYSVIEW.h:64,
                 from ../ThirdParty/SEGGER/Config/SEGGER_SYSVIEW_Config_FreeRTOS.c:55:
C:/Users/DANIE/OneDrive/Documents/GitHub/Robotica_dacardenasj/Prueba_SEGGER/ThirdParty/SEGGER/SEGGER/SEGGER.h:59:10: fatal error: Global.h: No such file or directory
   59 | #include "Global.h"         // Type definitions: U8, U16, U32, I8, I16, I32
      |          ^~~~~~~~~~
compilation terminated.
make: *** [ThirdParty/SEGGER/OS/subdir.mk:19: ThirdParty/SEGGER/OS/SEGGER_SYSVIEW_FreeRTOS.o] Error 1
make: *** [ThirdParty/SEGGER/SEGGER/subdir.mk:32: ThirdParty/SEGGER/SEGGER/SEGGER_SYSVIEW.o] Error 1
make: *** [ThirdParty/SEGGER/Config/subdir.mk:19: ThirdParty/SEGGER/Config/SEGGER_SYSVIEW_Config_FreeRTOS.o] Error 1
"make -j12 all" terminated with exit code 2. Build might be incomplete.

08:40:38 Build Failed. 15 errors, 0 warnings. (took 508ms)

